TN:
SF:script/DeployLeveragedEthForked.s.sol
FN:33,DeployLeveragedEthForked.run
FNDA:0,DeployLeveragedEthForked.run
DA:34,0
DA:34,0
DA:35,0
DA:35,0
FN:38,DeployLeveragedEthForked._fixtures
FNDA:0,DeployLeveragedEthForked._fixtures
DA:39,0
DA:39,0
DA:41,0
DA:41,0
DA:43,0
DA:43,0
DA:44,0
DA:44,0
DA:45,0
DA:45,0
DA:46,0
DA:46,0
DA:48,0
DA:48,0
DA:51,0
DA:51,0
DA:52,0
DA:52,0
DA:54,0
DA:54,0
DA:55,0
DA:55,0
DA:57,0
DA:57,0
DA:58,0
DA:58,0
DA:60,0
DA:60,0
DA:61,0
DA:61,0
DA:62,0
DA:62,0
DA:63,0
DA:63,0
DA:65,0
DA:65,0
DA:67,0
DA:67,0
FN:70,DeployLeveragedEthForked._fund
FNDA:0,DeployLeveragedEthForked._fund
DA:71,0
DA:71,0
DA:74,0
DA:74,0
DA:75,0
DA:75,0
DA:76,0
DA:76,0
DA:79,0
DA:79,0
DA:80,0
DA:80,0
DA:81,0
DA:81,0
DA:84,0
DA:84,0
DA:85,0
DA:85,0
FN:88,DeployLeveragedEthForked._deposit
FNDA:0,DeployLeveragedEthForked._deposit
DA:89,0
DA:89,0
DA:91,0
DA:91,0
DA:92,0
DA:92,0
DA:93,0
DA:93,0
DA:94,0
DA:94,0
FN:97,DeployLeveragedEthForked._rebalance
FNDA:0,DeployLeveragedEthForked._rebalance
DA:98,0
DA:98,0
DA:100,0
DA:100,0
DA:101,0
DA:101,0
DA:102,0
DA:102,0
FN:105,DeployLeveragedEthForked._rebalance
FNDA:0,DeployLeveragedEthForked._rebalance
DA:106,0
DA:106,0
DA:108,0
DA:108,0
DA:109,0
DA:109,0
DA:110,0
DA:110,0
FN:113,DeployLeveragedEthForked._profit
FNDA:0,DeployLeveragedEthForked._profit
DA:114,0
DA:114,0
DA:116,0
DA:116,0
DA:117,0
DA:117,0
DA:118,0
DA:118,0
FN:121,DeployLeveragedEthForked._redeem
FNDA:0,DeployLeveragedEthForked._redeem
DA:122,0
DA:122,0
DA:124,0
DA:124,0
DA:124,0
DA:125,0
DA:125,0
DA:126,0
DA:126,0
FN:129,DeployLeveragedEthForked._redeem
FNDA:0,DeployLeveragedEthForked._redeem
DA:130,0
DA:130,0
DA:132,0
DA:132,0
DA:133,0
DA:133,0
FN:136,DeployLeveragedEthForked._fundViaSwap
FNDA:0,DeployLeveragedEthForked._fundViaSwap
DA:137,0
DA:137,0
DA:139,0
DA:139,0
DA:141,0
DA:141,0
DA:142,0
DA:142,0
DA:144,0
DA:144,0
DA:145,0
DA:145,0
DA:147,0
DA:147,0
FNF:10
FNH:0
LF:61
LH:0
BRF:0
BRH:0
end_of_record
TN:
SF:script/DeployLeveragedEthMainnet.s.sol
FN:14,DeployLeveragedEthMainnet.run
FNDA:0,DeployLeveragedEthMainnet.run
DA:15,0
DA:15,0
DA:17,0
DA:17,0
FN:20,DeployLeveragedEthMainnet._postDeployment
FNDA:0,DeployLeveragedEthMainnet._postDeployment
DA:21,0
DA:21,0
DA:24,0
DA:24,0
DA:25,0
DA:25,0
DA:26,0
DA:26,0
DA:29,0
DA:29,0
DA:30,0
DA:30,0
DA:31,0
DA:31,0
DA:32,0
DA:32,0
DA:33,0
DA:33,0
DA:35,0
DA:35,0
FNF:2
FNH:0
LF:12
LH:0
BRF:0
BRH:0
end_of_record
TN:
SF:script/DeployLiquity.s.sol
FN:19,DeployLiquity.run
FNDA:0,DeployLiquity.run
DA:20,0
DA:20,0
DA:22,0
DA:22,0
DA:25,0
DA:25,0
DA:27,0
DA:27,0
DA:27,0
DA:28,0
DA:28,0
DA:28,0
DA:30,0
DA:30,0
DA:32,0
DA:32,0
DA:34,0
DA:34,0
DA:36,0
DA:36,0
FN:39,DeployLiquity._swapUsdcForLusd
FNDA:0,DeployLiquity._swapUsdcForLusd
DA:40,0
DA:40,0
DA:42,0
DA:42,0
DA:42,0
DA:53,0
DA:53,0
FNF:2
FNH:0
LF:12
LH:0
BRF:0
BRH:0
end_of_record
TN:
SF:script/DeployStaking.s.sol
FN:19,DeployStaking._init
FNDA:0,DeployStaking._init
DA:20,0
DA:20,0
DA:21,0
DA:21,0
DA:22,0
DA:22,0
FN:25,DeployStaking.run
FNDA:3,DeployStaking.run
DA:26,3
DA:26,3
DA:28,3
DA:28,3
BRDA:28,0,0,-
BRDA:28,0,1,3
DA:29,3
DA:29,3
BRDA:29,1,0,-
BRDA:29,1,1,3
DA:30,3
DA:30,3
BRDA:30,2,0,-
BRDA:30,2,1,3
DA:32,3
DA:32,3
DA:34,3
DA:34,3
DA:34,3
DA:39,3
DA:39,3
DA:41,2
DA:41,2
DA:44,2
DA:44,2
DA:46,2
DA:46,2
FNF:2
FNH:1
LF:13
LH:10
BRF:6
BRH:3
end_of_record
TN:
SF:script/base/CREATE3Script.sol
FN:11,CREATE3Script.getCreate3Contract
FNDA:1,CREATE3Script.getCreate3Contract
DA:12,1
DA:12,1
DA:12,1
FN:15,CREATE3Script.getCreate3ContractSalt
FNDA:4,CREATE3Script.getCreate3ContractSalt
DA:16,4
DA:16,4
DA:16,4
DA:18,4
DA:18,4
DA:18,4
FNF:2
FNH:2
LF:3
LH:3
BRF:0
BRH:0
end_of_record
TN:
SF:script/base/DeployLeveragedEth.sol
FN:41,DeployLeveragedEth._deploy
FNDA:0,DeployLeveragedEth._deploy
DA:42,0
DA:42,0
DA:44,0
DA:44,0
DA:44,0
DA:60,0
DA:60,0
DA:61,0
DA:61,0
DA:63,0
DA:63,0
DA:63,0
DA:78,0
DA:78,0
DA:79,0
DA:79,0
DA:81,0
DA:81,0
FNF:1
FNH:0
LF:8
LH:0
BRF:0
BRH:0
end_of_record
TN:
SF:script/base/MainnetDeployBase.sol
FN:31,MainnetDeployBase.
FNDA:0,MainnetDeployBase.
DA:32,0
DA:32,0
FN:35,MainnetDeployBase._init
FNDA:0,MainnetDeployBase._init
DA:36,0
DA:36,0
DA:37,0
DA:37,0
DA:38,0
DA:38,0
DA:39,0
DA:39,0
FN:42,MainnetDeployBase._transferAdminRoleToMultisig
FNDA:0,MainnetDeployBase._transferAdminRoleToMultisig
DA:43,0
DA:43,0
DA:44,0
DA:44,0
FN:47,MainnetDeployBase._setTreasury
FNDA:0,MainnetDeployBase._setTreasury
DA:48,0
DA:48,0
FN:51,MainnetDeployBase._deposit
FNDA:0,MainnetDeployBase._deposit
DA:52,0
DA:52,0
DA:53,0
DA:53,0
FN:56,MainnetDeployBase._swapWethForUsdc
FNDA:0,MainnetDeployBase._swapWethForUsdc
DA:57,0
DA:57,0
DA:59,0
DA:59,0
DA:61,0
DA:61,0
DA:61,0
DA:72,0
DA:72,0
FN:75,MainnetDeployBase._swapWethForDai
FNDA:0,MainnetDeployBase._swapWethForDai
DA:76,0
DA:76,0
DA:78,0
DA:78,0
DA:80,0
DA:80,0
DA:80,0
DA:88,0
DA:88,0
FNF:7
FNH:0
LF:18
LH:0
BRF:0
BRH:0
end_of_record
TN:
SF:script/base/ScUsdcV2ScriptBase.sol
FN:34,ScUsdcV2ScriptBase._logScriptParams
FNDA:38,ScUsdcV2ScriptBase._logScriptParams
DA:35,38
DA:35,38
DA:36,38
DA:36,38
DA:37,38
DA:37,38
FNF:1
FNH:1
LF:3
LH:3
BRF:0
BRH:0
end_of_record
TN:
SF:script/v2/DeployAdapterEthMainnet.s.sol
FN:11,DeployScript.run
FNDA:0,DeployScript.run
DA:15,0
DA:15,0
DA:17,0
DA:17,0
DA:18,0
DA:18,0
DA:20,0
DA:20,0
FNF:1
FNH:0
LF:4
LH:0
BRF:0
BRH:0
end_of_record
TN:
SF:script/v2/DeployPriceConverterEthMainnet.s.sol
FN:9,DeployScript.run
FNDA:0,DeployScript.run
DA:10,0
DA:10,0
DA:12,0
DA:12,0
DA:14,0
DA:14,0
FNF:1
FNH:0
LF:3
LH:0
BRF:0
BRH:0
end_of_record
TN:
SF:script/v2/DeployScDaiEthMainnet.s.sol
FN:21,DeployScDaiMainnet.run
FNDA:0,DeployScDaiMainnet.run
DA:22,0
DA:22,0
DA:24,0
DA:24,0
BRDA:24,0,0,-
BRDA:24,0,1,-
DA:26,0
DA:26,0
DA:28,0
DA:28,0
DA:30,0
DA:30,0
DA:30,0
DA:31,0
DA:31,0
DA:31,0
DA:32,0
DA:32,0
DA:32,0
DA:34,0
DA:34,0
DA:35,0
DA:35,0
DA:36,0
DA:36,0
DA:39,0
DA:39,0
DA:39,0
DA:41,0
DA:41,0
DA:43,0
DA:43,0
DA:46,0
DA:46,0
DA:46,0
DA:47,0
DA:47,0
DA:48,0
DA:48,0
DA:50,0
DA:50,0
DA:52,0
DA:52,0
DA:54,0
DA:54,0
FN:57,DeployScDaiMainnet._logScriptParams
FNDA:0,DeployScDaiMainnet._logScriptParams
DA:58,0
DA:58,0
DA:59,0
DA:59,0
DA:60,0
DA:60,0
DA:61,0
DA:61,0
FNF:2
FNH:0
LF:23
LH:0
BRF:2
BRH:0
end_of_record
TN:
SF:script/v2/DeployScUsdcV2EthMainnet.s.sol
FN:20,DeployScript.run
FNDA:0,DeployScript.run
DA:21,0
DA:21,0
BRDA:21,0,0,-
BRDA:21,0,1,-
DA:22,0
DA:22,0
BRDA:22,1,0,-
BRDA:22,1,1,-
DA:23,0
DA:23,0
BRDA:23,2,0,-
BRDA:23,2,1,-
DA:25,0
DA:25,0
DA:28,0
DA:28,0
DA:31,0
DA:31,0
DA:31,0
DA:32,0
DA:32,0
DA:33,0
DA:33,0
DA:35,0
DA:35,0
DA:35,0
DA:36,0
DA:36,0
DA:37,0
DA:37,0
DA:39,0
DA:39,0
DA:39,0
DA:40,0
DA:40,0
DA:41,0
DA:41,0
DA:44,0
DA:44,0
DA:44,0
DA:45,0
DA:45,0
DA:47,0
DA:47,0
DA:49,0
DA:49,0
FNF:1
FNH:0
LF:18
LH:0
BRF:6
BRH:0
end_of_record
TN:
SF:script/v2/DeployScWethV2EthMainnet.s.sol
FN:18,DeployScript.run
FNDA:0,DeployScript.run
DA:19,0
DA:19,0
BRDA:19,0,0,-
BRDA:19,0,1,-
DA:20,0
DA:20,0
BRDA:20,1,0,-
BRDA:20,1,1,-
DA:22,0
DA:22,0
DA:25,0
DA:25,0
DA:28,0
DA:28,0
DA:28,0
DA:29,0
DA:29,0
DA:30,0
DA:30,0
DA:32,0
DA:32,0
DA:32,0
DA:33,0
DA:33,0
DA:34,0
DA:34,0
DA:36,0
DA:36,0
DA:36,0
DA:37,0
DA:37,0
DA:38,0
DA:38,0
DA:41,0
DA:41,0
DA:42,0
DA:42,0
DA:44,0
DA:44,0
DA:46,0
DA:46,0
DA:48,0
DA:48,0
FNF:1
FNH:0
LF:18
LH:0
BRF:4
BRH:0
end_of_record
TN:
SF:script/v2/DeploySwapperEthMainnet.s.sol
FN:8,DeployScript.run
FNDA:0,DeployScript.run
DA:9,0
DA:9,0
DA:11,0
DA:11,0
DA:13,0
DA:13,0
FNF:1
FNH:0
LF:3
LH:0
BRF:0
BRH:0
end_of_record
TN:
SF:script/v2/DeployV2LeveragedEthMainnet.s.sol
FN:26,DeployScript.run
FNDA:0,DeployScript.run
DA:27,0
DA:27,0
DA:29,0
DA:29,0
DA:29,0
DA:30,0
DA:30,0
DA:31,0
DA:31,0
DA:31,0
DA:32,0
DA:32,0
DA:34,0
DA:34,0
DA:36,0
DA:36,0
DA:38,0
DA:38,0
DA:40,0
DA:40,0
FN:43,DeployScript._deployScWethV2
FNDA:0,DeployScript._deployScWethV2
DA:44,0
DA:44,0
DA:47,0
DA:47,0
DA:47,0
DA:48,0
DA:48,0
DA:50,0
DA:50,0
DA:50,0
DA:51,0
DA:51,0
DA:53,0
DA:53,0
DA:53,0
DA:54,0
DA:54,0
DA:56,0
DA:56,0
DA:57,0
DA:57,0
DA:59,0
DA:59,0
DA:61,0
DA:61,0
DA:62,0
DA:62,0
DA:63,0
DA:63,0
DA:64,0
DA:64,0
FN:67,DeployScript._deployScUsdcV2
FNDA:0,DeployScript._deployScUsdcV2
DA:71,0
DA:71,0
DA:74,0
DA:74,0
DA:74,0
DA:75,0
DA:75,0
DA:77,0
DA:77,0
DA:77,0
DA:78,0
DA:78,0
DA:80,0
DA:80,0
DA:80,0
DA:81,0
DA:81,0
DA:83,0
DA:83,0
DA:83,0
DA:84,0
DA:84,0
DA:86,0
DA:86,0
DA:88,0
DA:88,0
DA:89,0
DA:89,0
DA:90,0
DA:90,0
DA:91,0
DA:91,0
FNF:3
FNH:0
LF:37
LH:0
BRF:0
BRH:0
end_of_record
TN:
SF:script/v2/RedeployScUsdcV2EthMainnet.s.sol
FN:25,RedeployScript.run
FNDA:0,RedeployScript.run
DA:26,0
DA:26,0
DA:28,0
DA:28,0
BRDA:28,0,0,-
BRDA:28,0,1,-
DA:30,0
DA:30,0
DA:32,0
DA:32,0
DA:35,0
DA:35,0
DA:38,0
DA:38,0
DA:38,0
DA:38,0
BRDA:38,1,0,-
BRDA:38,1,1,-
DA:39,0
DA:39,0
DA:40,0
DA:40,0
DA:43,0
DA:43,0
DA:43,0
DA:43,0
BRDA:43,2,0,-
BRDA:43,2,1,-
DA:44,0
DA:44,0
DA:45,0
DA:45,0
DA:48,0
DA:48,0
DA:48,0
DA:48,0
BRDA:48,3,0,-
BRDA:48,3,1,-
DA:49,0
DA:49,0
DA:50,0
DA:50,0
DA:54,0
DA:54,0
DA:54,0
DA:55,0
DA:55,0
DA:57,0
DA:57,0
DA:59,0
DA:59,0
DA:61,0
DA:61,0
FN:64,RedeployScript._logScriptParams
FNDA:0,RedeployScript._logScriptParams
DA:65,0
DA:65,0
DA:66,0
DA:66,0
DA:67,0
DA:67,0
DA:68,0
DA:68,0
DA:69,0
DA:69,0
DA:70,0
DA:70,0
DA:71,0
DA:71,0
DA:72,0
DA:72,0
DA:73,0
DA:73,0
FNF:2
FNH:0
LF:28
LH:0
BRF:8
BRH:0
end_of_record
TN:
SF:script/v2/RedeployScWethV2EthMainnet.s.sol
FN:21,RedeployScript.run
FNDA:0,RedeployScript.run
DA:22,0
DA:22,0
DA:25,0
DA:25,0
DA:28,0
DA:28,0
DA:28,0
DA:28,0
BRDA:28,0,0,-
BRDA:28,0,1,-
DA:29,0
DA:29,0
DA:30,0
DA:30,0
DA:33,0
DA:33,0
DA:33,0
DA:33,0
BRDA:33,1,0,-
BRDA:33,1,1,-
DA:34,0
DA:34,0
DA:35,0
DA:35,0
DA:38,0
DA:38,0
DA:38,0
DA:38,0
BRDA:38,2,0,-
BRDA:38,2,1,-
DA:39,0
DA:39,0
DA:40,0
DA:40,0
DA:44,0
DA:44,0
DA:45,0
DA:45,0
DA:47,0
DA:47,0
DA:49,0
DA:49,0
DA:51,0
DA:51,0
FNF:1
FNH:0
LF:16
LH:0
BRF:6
BRH:0
end_of_record
TN:
SF:script/v2/fork-scenarios/scUSDCv2Rebalance.s.sol
FN:47,scUSDCv2Rebalance.run
FNDA:0,scUSDCv2Rebalance.run
DA:48,0
DA:48,0
DA:49,0
DA:49,0
DA:52,0
DA:52,0
DA:54,0
DA:54,0
DA:57,0
DA:57,0
DA:58,0
DA:58,0
DA:59,0
DA:59,0
DA:60,0
DA:60,0
DA:63,0
DA:63,0
DA:64,0
DA:64,0
DA:65,0
DA:65,0
DA:66,0
DA:66,0
DA:69,0
DA:69,0
DA:70,0
DA:70,0
DA:71,0
DA:71,0
DA:72,0
DA:72,0
DA:74,0
DA:74,0
DA:77,0
DA:77,0
DA:80,0
DA:80,0
DA:81,0
DA:81,0
DA:82,0
DA:82,0
DA:83,0
DA:83,0
DA:84,0
DA:84,0
DA:85,0
DA:85,0
DA:88,0
DA:88,0
DA:88,0
DA:89,0
DA:89,0
DA:92,0
DA:92,0
DA:93,0
DA:93,0
DA:95,0
DA:95,0
DA:96,0
DA:96,0
DA:97,0
DA:97,0
DA:98,0
DA:98,0
FN:101,scUSDCv2Rebalance._fork
FNDA:0,scUSDCv2Rebalance._fork
DA:102,0
DA:102,0
DA:102,0
DA:103,0
DA:103,0
DA:104,0
DA:104,0
FN:107,scUSDCv2Rebalance._deployVaults
FNDA:0,scUSDCv2Rebalance._deployVaults
DA:108,0
DA:108,0
DA:110,0
DA:110,0
DA:110,0
DA:111,0
DA:111,0
DA:113,0
DA:113,0
DA:114,0
DA:114,0
DA:115,0
DA:115,0
DA:116,0
DA:116,0
DA:118,0
DA:118,0
DA:119,0
DA:119,0
DA:121,0
DA:121,0
DA:122,0
DA:122,0
DA:124,0
DA:124,0
FN:127,scUSDCv2Rebalance._depositUsdc
FNDA:0,scUSDCv2Rebalance._depositUsdc
DA:128,0
DA:128,0
DA:130,0
DA:130,0
DA:131,0
DA:131,0
DA:132,0
DA:132,0
DA:133,0
DA:133,0
DA:135,0
DA:135,0
FN:138,scUSDCv2Rebalance._invest
FNDA:0,scUSDCv2Rebalance._invest
DA:139,0
DA:139,0
DA:139,0
DA:140,0
DA:140,0
DA:140,0
DA:140,0
DA:142,0
DA:142,0
DA:142,0
DA:143,0
DA:143,0
DA:143,0
DA:145,0
DA:145,0
DA:145,0
DA:146,0
DA:146,0
DA:146,0
DA:148,0
DA:148,0
DA:148,0
DA:149,0
DA:149,0
DA:150,0
DA:150,0
DA:151,0
DA:151,0
DA:152,0
DA:152,0
DA:154,0
DA:154,0
FN:157,scUSDCv2Rebalance._rebalance
FNDA:0,scUSDCv2Rebalance._rebalance
DA:158,0
DA:158,0
DA:158,0
DA:159,0
DA:159,0
DA:159,0
DA:161,0
DA:161,0
DA:161,0
DA:162,0
DA:162,0
DA:162,0
DA:165,0
DA:165,0
DA:165,0
DA:166,0
DA:166,0
DA:166,0
DA:169,0
DA:169,0
DA:169,0
DA:170,0
DA:170,0
DA:170,0
DA:170,0
DA:173,0
DA:173,0
DA:173,0
DA:173,0
DA:176,0
DA:176,0
DA:176,0
DA:177,0
DA:177,0
DA:178,0
DA:178,0
DA:179,0
DA:179,0
DA:180,0
DA:180,0
DA:181,0
DA:181,0
DA:183,0
DA:183,0
FN:186,scUSDCv2Rebalance._assertLtvsAreAtTarget
FNDA:0,scUSDCv2Rebalance._assertLtvsAreAtTarget
DA:187,0
DA:187,0
DA:187,0
DA:188,0
DA:188,0
DA:188,0
DA:190,0
DA:190,0
DA:191,0
DA:191,0
DA:193,0
DA:193,0
BRDA:193,0,0,-
BRDA:193,0,1,-
DA:194,0
DA:194,0
BRDA:194,1,0,-
BRDA:194,1,1,-
FN:197,scUSDCv2Rebalance._assertLtvsAreAboveTarget
FNDA:0,scUSDCv2Rebalance._assertLtvsAreAboveTarget
DA:198,0
DA:198,0
DA:198,0
DA:199,0
DA:199,0
DA:199,0
DA:201,0
DA:201,0
DA:202,0
DA:202,0
DA:204,0
DA:204,0
BRDA:204,2,0,-
BRDA:204,2,1,-
DA:205,0
DA:205,0
BRDA:205,3,0,-
BRDA:205,3,1,-
FN:208,scUSDCv2Rebalance._getLtv
FNDA:0,scUSDCv2Rebalance._getLtv
DA:209,0
DA:209,0
DA:209,0
FN:212,scUSDCv2Rebalance._logVaultInfo
FNDA:0,scUSDCv2Rebalance._logVaultInfo
DA:213,0
DA:213,0
DA:214,0
DA:214,0
DA:215,0
DA:215,0
DA:216,0
DA:216,0
FNF:10
FNH:0
LF:98
LH:0
BRF:8
BRH:0
end_of_record
TN:
SF:script/v2/keeper-actions/ExitAllPositionsScUsdcV2.s.sol
FN:39,ExitAllPositionsScUsdcV2.run
FNDA:1,ExitAllPositionsScUsdcV2.run
DA:40,1
DA:40,1
DA:42,1
DA:42,1
BRDA:42,0,0,-
BRDA:42,0,1,1
DA:44,1
DA:44,1
DA:46,1
DA:46,1
DA:46,1
DA:47,1
DA:47,1
DA:47,1
DA:49,1
DA:49,1
DA:51,1
DA:51,1
DA:52,1
DA:52,1
DA:53,1
DA:53,1
DA:55,1
DA:55,1
DA:56,1
DA:56,1
FN:59,ExitAllPositionsScUsdcV2._logScriptParams
FNDA:1,ExitAllPositionsScUsdcV2._logScriptParams
DA:60,1
DA:60,1
DA:61,1
DA:61,1
FN:64,ExitAllPositionsScUsdcV2._logVaultInfo
FNDA:2,ExitAllPositionsScUsdcV2._logVaultInfo
DA:65,2
DA:65,2
DA:66,2
DA:66,2
DA:67,2
DA:67,2
DA:68,2
DA:68,2
DA:69,2
DA:69,2
DA:70,2
DA:70,2
DA:71,2
DA:71,2
FNF:3
FNH:3
LF:20
LH:20
BRF:2
BRH:1
end_of_record
TN:
SF:script/v2/keeper-actions/ExitAllPositionsScWethV2.s.sol
FN:30,ExitAllPositionsScWethV2.
FNDA:0,ExitAllPositionsScWethV2.
FN:32,ExitAllPositionsScWethV2.run
FNDA:261,ExitAllPositionsScWethV2.run
DA:33,261
DA:33,261
DA:33,261
DA:35,261
DA:35,261
DA:37,261
DA:37,261
DA:39,261
DA:39,261
DA:41,261
DA:41,261
DA:43,261
DA:43,261
FN:46,ExitAllPositionsScWethV2._withdrawAll
FNDA:261,ExitAllPositionsScWethV2._withdrawAll
DA:47,261
DA:47,261
DA:47,261
DA:48,261
DA:48,261
DA:48,261
DA:50,261
DA:50,261
BRDA:50,0,0,-
BRDA:50,0,1,261
DA:51,261
DA:51,261
FN:55,ExitAllPositionsScWethV2._logs
FNDA:522,ExitAllPositionsScWethV2._logs
DA:56,522
DA:56,522
DA:58,522
DA:58,522
DA:58,522
DA:59,522
DA:59,522
DA:59,522
DA:61,522
DA:61,522
DA:62,522
DA:62,522
DA:63,522
DA:63,522
DA:64,522
DA:64,522
DA:65,522
DA:65,522
FNF:4
FNH:3
LF:18
LH:18
BRF:2
BRH:1
end_of_record
TN:
SF:script/v2/keeper-actions/ReallocateScUsdcV2.s.sol
FN:63,ReallocateScUsdcV2.run
FNDA:4,ReallocateScUsdcV2.run
DA:64,4
DA:64,4
DA:65,4
DA:65,4
BRDA:65,0,0,-
BRDA:65,0,1,4
DA:67,4
DA:67,4
DA:69,4
DA:69,4
DA:70,4
DA:70,4
DA:71,3
DA:71,3
DA:73,3
DA:73,3
DA:75,3
DA:75,3
DA:77,3
DA:77,3
DA:79,3
DA:79,3
DA:81,3
DA:81,3
DA:82,3
DA:82,3
FN:85,ReallocateScUsdcV2._logPositions
FNDA:7,ReallocateScUsdcV2._logPositions
DA:86,7
DA:86,7
DA:88,7
DA:88,7
DA:89,7
DA:89,7
DA:91,7
DA:91,7
DA:92,7
DA:92,7
DA:94,7
DA:94,7
DA:95,7
DA:95,7
FN:98,ReallocateScUsdcV2._initReallocateData
FNDA:4,ReallocateScUsdcV2._initReallocateData
DA:99,4
BRDA:99,1,0,-
BRDA:99,1,1,4
DA:100,4
DA:100,4
BRDA:100,2,0,-
BRDA:100,2,1,4
DA:100,0
DA:102,4
DA:102,4
DA:104,4
DA:104,4
DA:107,4
BRDA:107,3,0,-
BRDA:107,3,1,4
DA:108,4
DA:108,4
BRDA:108,4,0,-
BRDA:108,4,1,4
DA:108,0
DA:110,4
DA:110,4
DA:112,4
DA:112,4
DA:115,4
BRDA:115,5,0,-
BRDA:115,5,1,2
DA:116,2
DA:116,2
BRDA:116,6,0,-
BRDA:116,6,1,2
DA:116,0
DA:118,2
DA:118,2
DA:120,2
DA:120,2
DA:123,4
DA:123,4
BRDA:123,7,0,1
BRDA:123,7,1,3
DA:124,1
DA:124,1
FN:128,ReallocateScUsdcV2._createData
FNDA:10,ReallocateScUsdcV2._createData
DA:129,10
DA:129,10
DA:131,10
DA:131,10
DA:133,10
DA:133,10
DA:133,10
DA:134,10
DA:134,10
DA:134,10
DA:135,10
DA:135,10
DA:135,10
DA:136,10
DA:136,10
DA:136,10
DA:138,10
DA:138,10
BRDA:138,8,0,6
BRDA:138,8,1,4
DA:140,6
DA:140,6
DA:141,6
DA:141,6
DA:142,4
DA:142,4
BRDA:142,9,0,4
BRDA:142,9,1,4
DA:144,4
DA:144,4
DA:145,4
DA:145,4
DA:148,10
DA:148,10
FN:151,ReallocateScUsdcV2._createMulticallData
FNDA:3,ReallocateScUsdcV2._createMulticallData
DA:152,3
DA:152,3
DA:152,10
DA:152,7
DA:153,7
DA:153,7
DA:155,7
DA:155,7
BRDA:155,10,0,4
BRDA:155,10,1,7
DA:156,4
DA:156,4
DA:158,4
DA:158,4
DA:159,4
DA:159,4
DA:165,3
DA:165,3
DA:165,10
DA:165,7
DA:166,7
DA:166,7
DA:168,7
DA:168,7
BRDA:168,11,0,3
BRDA:168,11,1,7
DA:169,3
DA:169,3
DA:169,3
DA:171,3
DA:171,3
DA:172,3
DA:172,3
FN:177,ReallocateScUsdcV2._logScriptParams
FNDA:4,ReallocateScUsdcV2._logScriptParams
DA:178,4
DA:178,4
DA:179,4
DA:179,4
DA:180,4
DA:180,4
DA:181,4
DA:181,4
DA:182,4
DA:182,4
DA:183,4
DA:183,4
DA:184,4
DA:184,4
DA:185,4
DA:185,4
FNF:6
FNH:6
LF:66
LH:66
BRF:24
BRH:17
end_of_record
TN:
SF:script/v2/keeper-actions/ReallocateScWethV2.s.sol
FN:79,ReallocateScWethV2.
FNDA:0,ReallocateScWethV2.
DA:80,0
DA:80,0
DA:81,0
DA:81,0
DA:82,0
DA:82,0
FN:85,ReallocateScWethV2.run
FNDA:7,ReallocateScWethV2.run
DA:86,7
DA:86,7
DA:87,7
DA:87,7
DA:89,7
DA:89,7
DA:91,7
DA:91,7
DA:93,7
DA:93,7
DA:95,7
DA:95,7
FN:98,ReallocateScWethV2._createMultiCallData
FNDA:7,ReallocateScWethV2._createMultiCallData
DA:99,7
DA:99,7
DA:99,28
DA:99,21
DA:100,21
DA:100,21
DA:102,21
DA:102,21
BRDA:102,0,0,9
BRDA:102,0,1,21
DA:103,9
DA:103,9
DA:105,9
DA:105,9
DA:113,7
DA:113,7
DA:113,28
DA:113,21
DA:114,21
DA:114,21
DA:116,21
DA:116,21
BRDA:116,1,0,9
BRDA:116,1,1,21
DA:117,9
DA:117,9
FN:126,ReallocateScWethV2._initReallocateData
FNDA:7,ReallocateScWethV2._initReallocateData
DA:127,7
DA:127,7
DA:128,7
DA:128,7
DA:130,7
DA:130,7
DA:130,28
DA:130,21
DA:131,21
DA:131,21
DA:132,21
DA:132,21
DA:133,21
DA:133,21
DA:133,21
DA:135,21
DA:135,21
BRDA:135,2,0,-
BRDA:135,2,1,21
DA:135,0
DA:137,21
DA:137,21
DA:139,21
DA:139,21
DA:141,21
DA:141,21
DA:141,21
DA:142,21
DA:142,21
DA:142,21
DA:144,21
DA:144,21
DA:144,21
DA:145,21
DA:145,21
DA:145,21
DA:147,21
DA:147,21
BRDA:147,3,0,9
BRDA:147,3,1,12
DA:148,9
DA:148,9
DA:149,9
DA:149,9
DA:150,12
DA:150,12
BRDA:150,4,0,9
BRDA:150,4,1,12
DA:151,9
DA:151,9
DA:152,9
DA:152,9
DA:155,21
DA:155,21
DA:156,21
DA:156,21
DA:159,7
DA:159,7
BRDA:159,5,0,-
BRDA:159,5,1,7
FNF:4
FNH:3
LF:40
LH:37
BRF:12
BRH:10
end_of_record
TN:
SF:script/v2/keeper-actions/RebalanceScDai.s.sol
FN:84,RebalanceScDAI.run
FNDA:0,RebalanceScDAI.run
DA:85,0
DA:85,0
DA:87,0
DA:87,0
BRDA:87,0,0,-
BRDA:87,0,1,-
DA:89,0
DA:89,0
DA:91,0
DA:91,0
DA:93,0
DA:93,0
DA:93,0
DA:94,0
DA:94,0
DA:94,0
DA:94,0
DA:95,0
DA:95,0
DA:95,0
DA:96,0
DA:96,0
DA:96,0
DA:97,0
DA:97,0
DA:97,0
DA:99,0
DA:99,0
DA:101,0
DA:101,0
DA:103,0
DA:103,0
DA:104,0
DA:104,0
DA:105,0
DA:105,0
DA:107,0
DA:107,0
DA:108,0
DA:108,0
FN:111,RebalanceScDAI._initializeAdapterSettings
FNDA:0,RebalanceScDAI._initializeAdapterSettings
DA:112,0
DA:112,0
FN:121,RebalanceScDAI._sellWethProfitIfAboveDefinedMin
FNDA:0,RebalanceScDAI._sellWethProfitIfAboveDefinedMin
DA:122,0
DA:122,0
DA:122,0
DA:124,0
DA:124,0
DA:125,0
DA:125,0
DA:128,0
DA:128,0
BRDA:128,1,0,-
BRDA:128,1,1,-
DA:128,0
DA:130,0
DA:130,0
DA:132,0
DA:132,0
FN:135,RebalanceScDAI._createRebalanceMulticallDataForAllAdapters
FNDA:0,RebalanceScDAI._createRebalanceMulticallDataForAllAdapters
DA:136,0
DA:136,0
DA:136,0
DA:136,0
DA:137,0
DA:137,0
DA:140,0
DA:140,0
DA:140,0
BRDA:139,2,0,-
BRDA:139,2,1,-
DA:143,0
DA:143,0
DA:146,0
DA:146,0
DA:154,0
DA:154,0
FN:157,RebalanceScDAI._createAdapterRebalanceData
FNDA:0,RebalanceScDAI._createAdapterRebalanceData
DA:163,0
DA:163,0
DA:163,0
DA:164,0
DA:164,0
DA:164,0
DA:166,0
DA:166,0
DA:166,0
DA:166,0
DA:167,0
DA:167,0
DA:167,0
DA:169,0
DA:169,0
DA:170,0
DA:170,0
DA:172,0
DA:172,0
BRDA:172,3,0,-
BRDA:172,3,1,-
DA:173,0
DA:173,0
DA:174,0
DA:174,0
BRDA:174,4,0,-
BRDA:174,4,1,-
DA:175,0
DA:175,0
DA:178,0
DA:178,0
DA:178,0
DA:179,0
DA:179,0
DA:179,0
DA:181,0
DA:181,0
BRDA:181,5,0,-
BRDA:181,5,1,-
DA:182,0
DA:182,0
DA:183,0
DA:183,0
BRDA:183,6,0,-
BRDA:183,6,1,-
DA:184,0
DA:184,0
DA:184,0
DA:185,0
DA:185,0
DA:186,0
DA:186,0
DA:189,0
DA:189,0
FN:192,RebalanceScDAI._createRebalanceMulticallData
FNDA:0,RebalanceScDAI._createRebalanceMulticallData
DA:193,0
DA:193,0
BRDA:193,7,0,-
BRDA:193,7,1,-
DA:194,0
DA:194,0
DA:197,0
DA:197,0
DA:197,0
DA:197,0
DA:198,0
DA:198,0
DA:199,0
DA:199,0
BRDA:199,8,0,-
BRDA:199,8,1,-
DA:200,0
DA:200,0
DA:204,0
DA:204,0
BRDA:204,9,0,-
BRDA:204,9,1,-
DA:205,0
DA:205,0
DA:209,0
DA:209,0
BRDA:209,10,0,-
BRDA:209,10,1,-
DA:210,0
DA:210,0
DA:214,0
DA:214,0
BRDA:214,11,0,-
BRDA:214,11,1,-
DA:215,0
DA:215,0
FN:224,RebalanceScDAI._logScriptParams
FNDA:0,RebalanceScDAI._logScriptParams
DA:225,0
DA:225,0
DA:226,0
DA:226,0
DA:227,0
DA:227,0
DA:228,0
DA:228,0
DA:229,0
DA:229,0
DA:230,0
DA:230,0
DA:231,0
DA:231,0
DA:232,0
DA:232,0
FN:235,RebalanceScDAI._logVaultInfo
FNDA:0,RebalanceScDAI._logVaultInfo
DA:236,0
DA:236,0
DA:237,0
DA:237,0
DA:238,0
DA:238,0
DA:239,0
DA:239,0
DA:240,0
DA:240,0
DA:241,0
DA:241,0
DA:242,0
DA:242,0
FNF:8
FNH:0
LF:75
LH:0
BRF:24
BRH:0
end_of_record
TN:
SF:script/v2/keeper-actions/RebalanceScUsdcV2.s.sol
FN:76,RebalanceScUsdcV2.run
FNDA:33,RebalanceScUsdcV2.run
DA:77,33
DA:77,33
DA:79,33
DA:79,33
BRDA:79,0,0,-
BRDA:79,0,1,33
DA:81,33
DA:81,33
DA:83,33
DA:83,33
DA:85,32
DA:85,32
DA:85,32
DA:86,32
DA:86,32
DA:86,32
DA:86,32
DA:87,32
DA:87,32
DA:87,32
DA:88,32
DA:88,32
DA:88,32
DA:89,32
DA:89,32
DA:89,32
DA:91,32
DA:91,32
DA:93,30
DA:93,30
DA:95,30
DA:95,30
DA:96,30
DA:96,30
DA:97,29
DA:97,29
DA:99,29
DA:99,29
DA:100,29
DA:100,29
FN:103,RebalanceScUsdcV2._initializeAdapterSettings
FNDA:33,RebalanceScUsdcV2._initializeAdapterSettings
DA:104,33
DA:104,33
DA:112,33
DA:112,33
DA:120,33
DA:120,33
DA:128,33
DA:128,33
BRDA:128,1,0,1
BRDA:128,1,1,32
FN:134,RebalanceScUsdcV2._sellWethProfitIfAboveDefinedMin
FNDA:32,RebalanceScUsdcV2._sellWethProfitIfAboveDefinedMin
DA:135,32
DA:135,32
DA:135,32
DA:137,32
DA:137,32
DA:138,32
DA:138,32
DA:141,32
DA:141,32
BRDA:141,2,0,29
BRDA:141,2,1,3
DA:141,29
DA:143,3
DA:143,3
DA:145,3
DA:145,3
FN:148,RebalanceScUsdcV2._createRebalanceMulticallDataForAllAdapters
FNDA:32,RebalanceScUsdcV2._createRebalanceMulticallDataForAllAdapters
DA:149,32
DA:149,32
DA:149,126
DA:149,94
DA:150,96
DA:150,96
DA:153,96
DA:153,96
DA:153,96
BRDA:152,3,0,2
BRDA:152,3,1,94
DA:156,2
DA:156,2
DA:159,94
DA:159,94
DA:167,30
DA:167,30
FN:170,RebalanceScUsdcV2._createAdapterRebalanceData
FNDA:94,RebalanceScUsdcV2._createAdapterRebalanceData
DA:176,94
DA:176,94
DA:176,94
DA:177,94
DA:177,94
DA:177,94
DA:179,94
DA:179,94
DA:179,94
DA:179,94
DA:180,94
DA:180,94
DA:180,94
DA:182,94
DA:182,94
DA:183,94
DA:183,94
DA:185,94
DA:185,94
BRDA:185,4,0,31
BRDA:185,4,1,63
DA:186,31
DA:186,31
DA:187,63
DA:187,63
BRDA:187,5,0,4
BRDA:187,5,1,63
DA:188,4
DA:188,4
DA:191,94
DA:191,94
DA:191,94
DA:192,94
DA:192,94
DA:192,94
DA:194,94
DA:194,94
BRDA:194,6,0,31
BRDA:194,6,1,63
DA:195,31
DA:195,31
DA:196,63
DA:196,63
BRDA:196,7,0,6
BRDA:196,7,1,63
DA:197,6
DA:197,6
DA:197,6
DA:198,6
DA:198,6
DA:199,6
DA:199,6
DA:202,94
DA:202,94
FN:205,RebalanceScUsdcV2._createRebalanceMulticallData
FNDA:30,RebalanceScUsdcV2._createRebalanceMulticallData
DA:206,30
DA:206,30
BRDA:206,8,0,5
BRDA:206,8,1,30
DA:207,5
DA:207,5
DA:210,30
DA:210,30
DA:210,120
DA:210,90
DA:211,90
DA:211,90
DA:212,90
DA:212,90
BRDA:212,9,0,27
BRDA:212,9,1,90
DA:213,27
DA:213,27
DA:219,90
DA:219,90
BRDA:219,10,0,27
BRDA:219,10,1,90
DA:220,27
DA:220,27
DA:226,90
DA:226,90
BRDA:226,11,0,6
BRDA:226,11,1,90
DA:227,6
DA:227,6
DA:231,90
DA:231,90
BRDA:231,12,0,4
BRDA:231,12,1,90
DA:232,4
DA:232,4
FN:241,RebalanceScUsdcV2._logScriptParams
FNDA:33,RebalanceScUsdcV2._logScriptParams
DA:242,33
DA:242,33
DA:243,33
DA:243,33
DA:244,33
DA:244,33
DA:245,33
DA:245,33
DA:246,33
DA:246,33
DA:247,33
DA:247,33
DA:248,33
DA:248,33
DA:249,33
DA:249,33
DA:250,33
DA:250,33
DA:251,33
DA:251,33
FN:254,RebalanceScUsdcV2._logVaultInfo
FNDA:59,RebalanceScUsdcV2._logVaultInfo
DA:255,59
DA:255,59
DA:256,59
DA:256,59
DA:257,59
DA:257,59
DA:258,59
DA:258,59
DA:259,59
DA:259,59
DA:260,59
DA:260,59
DA:261,59
DA:261,59
FNF:8
FNH:8
LF:80
LH:80
BRF:26
BRH:25
end_of_record
TN:
SF:script/v2/keeper-actions/RebalanceScWethV2.s.sol
FN:110,RebalanceScWethV2.
FNDA:0,RebalanceScWethV2.
FN:112,RebalanceScWethV2.run
FNDA:297,RebalanceScWethV2.run
DA:113,297
DA:113,297
DA:115,297
DA:115,297
DA:118,297
DA:118,297
DA:120,296
DA:120,296
DA:120,296
DA:121,296
DA:121,296
DA:122,294
DA:122,294
DA:124,294
DA:124,294
DA:124,294
BRDA:124,0,0,-
BRDA:124,0,1,293
DA:125,293
DA:125,293
DA:127,293
DA:127,293
DA:129,293
DA:129,293
DA:132,294
DA:132,294
FN:135,RebalanceScWethV2._initializeAdapterSettings
FNDA:297,RebalanceScWethV2._initializeAdapterSettings
DA:136,297
DA:136,297
DA:138,297
DA:138,297
DA:139,297
DA:139,297
DA:140,297
DA:140,297
DA:142,297
DA:142,297
DA:143,297
DA:143,297
DA:144,297
DA:144,297
DA:146,297
DA:146,297
DA:147,297
DA:147,297
DA:148,297
DA:148,297
DA:150,297
DA:150,297
BRDA:150,1,0,-
BRDA:150,1,1,297
FN:153,RebalanceScWethV2._calcInvestAmount
FNDA:296,RebalanceScWethV2._calcInvestAmount
DA:154,296
DA:154,296
DA:154,296
DA:155,296
DA:155,296
DA:155,296
DA:158,296
DA:158,296
FN:161,RebalanceScWethV2._createRebalanceParams
FNDA:296,RebalanceScWethV2._createRebalanceParams
DA:162,296
DA:162,296
DA:164,296
DA:164,296
DA:165,296
DA:165,296
DA:167,296
DA:167,296
DA:167,1178
DA:167,882
DA:168,884
DA:168,884
DA:169,884
DA:169,884
DA:171,884
DA:171,884
DA:171,884
BRDA:171,2,0,-
BRDA:171,2,1,2
DA:172,2
DA:172,2
DA:176,882
DA:176,882
FN:180,RebalanceScWethV2._createRebalanceMulticallData
FNDA:294,RebalanceScWethV2._createRebalanceMulticallData
DA:186,294
DA:186,294
BRDA:186,3,0,3
BRDA:186,3,1,287
DA:187,290
DA:187,290
DA:187,290
DA:188,290
DA:188,290
DA:188,290
DA:190,290
DA:190,290
BRDA:190,4,0,3
BRDA:190,4,1,287
DA:191,3
DA:191,3
DA:197,287
DA:197,287
DA:201,294
DA:201,294
DA:201,878
DA:201,584
DA:202,584
DA:202,584
DA:204,584
DA:204,584
BRDA:204,5,0,-
BRDA:204,5,1,578
DA:205,578
DA:205,578
DA:212,578
DA:212,578
DA:219,6
DA:219,6
DA:226,6
DA:226,6
DA:235,294
DA:235,294
BRDA:235,6,0,-
BRDA:235,6,1,5
DA:236,5
DA:236,5
DA:237,5
DA:237,5
DA:237,5
DA:239,5
DA:239,5
DA:239,5
DA:241,5
DA:241,5
BRDA:241,7,0,-
BRDA:241,7,1,5
DA:242,0
DA:242,0
DA:253,5
DA:253,5
DA:261,294
DA:261,294
FN:266,RebalanceScWethV2._createRebalanceDataFor
FNDA:882,RebalanceScWethV2._createRebalanceDataFor
DA:267,882
DA:267,882
DA:268,882
DA:268,882
DA:268,882
DA:269,882
DA:269,882
DA:269,882
DA:270,882
DA:270,882
DA:270,882
DA:272,882
DA:272,882
DA:272,882
DA:274,882
DA:274,882
BRDA:274,8,0,-
BRDA:274,8,1,578
DA:275,578
DA:275,578
DA:277,578
DA:277,578
BRDA:277,9,0,-
BRDA:277,9,1,578
DA:279,578
DA:279,578
DA:279,578
DA:281,578
DA:281,578
DA:281,578
DA:281,578
DA:285,578
DA:285,578
DA:287,578
DA:287,578
DA:291,304
DA:291,304
DA:291,304
DA:291,304
BRDA:291,10,0,-
BRDA:291,10,1,6
DA:292,6
DA:292,6
DA:294,6
DA:294,6
BRDA:294,11,0,-
BRDA:294,11,1,6
DA:295,6
DA:295,6
DA:295,6
DA:297,6
DA:297,6
DA:299,6
DA:299,6
DA:300,6
DA:300,6
FN:306,RebalanceScWethV2._updateVaultFloat
FNDA:297,RebalanceScWethV2._updateVaultFloat
DA:307,297
DA:307,297
DA:307,297
DA:308,297
DA:308,297
DA:308,297
DA:309,297
DA:309,297
BRDA:309,12,0,-
BRDA:309,12,1,1
DA:310,2
DA:310,2
DA:310,2
DA:311,2
DA:311,2
DA:311,2
BRDA:311,13,0,-
BRDA:311,13,1,1
DA:312,1
DA:312,1
DA:313,1
DA:313,1
DA:314,1
DA:314,1
DA:316,1
DA:316,1
FN:323,RebalanceScWethV2.getSwapData
FNDA:0,RebalanceScWethV2.getSwapData
DA:324,0
DA:324,0
DA:324,0
DA:335,0
DA:335,0
DA:335,0
DA:336,0
DA:336,0
DA:337,0
DA:337,0
DA:337,0
DA:339,0
DA:339,0
BRDA:339,14,0,-
BRDA:339,14,1,-
DA:340,0
DA:340,0
DA:342,0
DA:342,0
DA:342,0
DA:343,0
DA:343,0
FN:347,RebalanceScWethV2._logs
FNDA:591,RebalanceScWethV2._logs
DA:348,591
DA:348,591
DA:350,591
DA:350,591
DA:350,591
DA:351,591
DA:351,591
DA:351,591
DA:353,591
DA:353,591
DA:354,591
DA:354,591
DA:355,591
DA:355,591
DA:356,591
DA:356,591
DA:357,591
DA:357,591
DA:359,591
DA:359,591
BRDA:359,15,0,306
BRDA:359,15,1,591
DA:359,306
DA:360,591
DA:360,591
FNF:10
FNH:8
LF:101
LH:92
BRF:32
BRH:18
end_of_record
TN:
SF:src/liquity/scLiquity.sol
FN:31,scLiquity.
FNDA:0,scLiquity.
DA:34,0
DA:34,0
FN:45,scLiquity.totalAssets
FNDA:1305,scLiquity.totalAssets
DA:46,5733
DA:46,5733
DA:46,5733
DA:46,5733
DA:49,5733
DA:49,5733
DA:52,5733
DA:52,5733
DA:55,5733
DA:55,5733
FN:58,scLiquity.afterDeposit
FNDA:1036,scLiquity.afterDeposit
DA:62,1036
DA:62,1036
DA:62,1036
DA:63,1036
DA:63,1036
BRDA:63,0,0,1036
BRDA:63,0,1,954
DA:64,1036
DA:64,1036
FN:68,scLiquity.beforeWithdraw
FNDA:1394,scLiquity.beforeWithdraw
DA:69,1394
DA:69,1394
DA:69,1394
DA:71,1394
DA:71,1394
BRDA:71,1,0,261
BRDA:71,1,1,1133
DA:71,261
DA:73,1133
DA:73,1133
DA:73,1133
DA:74,261
DA:74,261
DA:74,261
DA:74,261
DA:77,261
DA:77,261
DA:79,261
DA:79,261
FN:84,scLiquity.depositIntoStrategy
FNDA:522,scLiquity.depositIntoStrategy
DA:85,522
DA:85,522
FN:88,scLiquity._depositIntoStrategy
FNDA:1819,scLiquity._depositIntoStrategy
DA:89,1819
DA:89,1819
DA:89,1819
DA:90,1819
DA:90,1819
DA:90,1819
DA:92,1737
DA:92,1737
BRDA:92,2,0,261
BRDA:92,2,1,1476
DA:92,261
DA:94,1476
DA:94,1476
DA:94,1476
DA:97,1476
DA:97,1476
DA:99,1476
DA:99,1476
DA:101,1476
DA:101,1476
FN:104,scLiquity.harvest
FNDA:783,scLiquity.harvest
DA:107,783
DA:107,783
DA:110,783
DA:110,783
DA:113,783
DA:113,783
DA:116,783
DA:116,783
BRDA:116,3,0,522
BRDA:116,3,1,522
DA:117,522
DA:117,522
DA:118,522
DA:118,522
DA:122,522
DA:122,522
BRDA:122,4,0,522
BRDA:122,4,1,261
DA:123,522
DA:123,522
DA:127,261
DA:127,261
DA:129,261
DA:129,261
DA:132,261
DA:132,261
DA:132,261
DA:134,261
DA:134,261
BRDA:134,5,0,261
BRDA:134,5,1,261
DA:135,261
DA:135,261
DA:137,261
DA:137,261
DA:137,261
DA:140,261
DA:140,261
FNF:7
FNH:6
LF:37
LH:36
BRF:12
BRH:12
end_of_record
TN:
SF:src/sc4626.sol
FN:20,sc4626.
FNDA:147,sc4626.
DA:23,95
DA:23,95
DA:23,95
BRDA:23,0,0,1
BRDA:23,0,1,94
DA:23,1
DA:24,94
DA:24,94
DA:24,94
BRDA:24,1,0,1
BRDA:24,1,1,93
DA:24,1
DA:26,93
DA:26,93
DA:27,93
DA:27,93
FN:55,sc4626.setTreasury
FNDA:1051,sc4626.setTreasury
DA:56,1051
DA:56,1051
DA:58,1050
DA:58,1050
DA:58,1050
BRDA:58,2,0,1
BRDA:58,2,1,1049
DA:58,1
DA:59,1049
DA:59,1049
DA:60,1049
DA:60,1049
FN:66,sc4626.setPerformanceFee
FNDA:3,sc4626.setPerformanceFee
DA:67,3
DA:67,3
DA:69,2
DA:69,2
BRDA:69,3,0,1
BRDA:69,3,1,1
DA:69,1
DA:70,1
DA:70,1
DA:71,1
DA:71,1
FN:78,sc4626.setFloatPercentage
FNDA:1690,sc4626.setFloatPercentage
DA:79,1690
DA:79,1690
DA:81,1689
DA:81,1689
BRDA:81,4,0,1
BRDA:81,4,1,1688
DA:81,1
DA:83,1688
DA:83,1688
DA:84,1688
DA:84,1688
FN:91,sc4626.setSlippageTolerance
FNDA:13,sc4626.setSlippageTolerance
DA:92,13
DA:92,13
DA:94,9
DA:94,9
BRDA:94,5,0,3
BRDA:94,5,1,6
DA:94,3
DA:96,6
DA:96,6
DA:98,6
DA:98,6
FN:101,sc4626._onlyAdmin
FNDA:18995,sc4626._onlyAdmin
DA:102,18995
DA:102,18995
BRDA:102,6,0,16
BRDA:102,6,1,18979
DA:102,16
FN:105,sc4626._onlyKeeper
FNDA:21521,sc4626._onlyKeeper
DA:106,21521
DA:106,21521
BRDA:106,7,0,19
BRDA:106,7,1,21502
DA:106,19
FN:109,sc4626._onlyKeeperOrFlashLoan
FNDA:28961,sc4626._onlyKeeperOrFlashLoan
DA:110,28961
DA:110,28961
BRDA:110,8,0,4376
BRDA:110,8,1,28951
DA:110,4376
FN:113,sc4626._initiateFlashLoan
FNDA:15960,sc4626._initiateFlashLoan
DA:114,15960
DA:114,15960
FN:117,sc4626._finalizeFlashLoan
FNDA:15697,sc4626._finalizeFlashLoan
DA:118,15697
DA:118,15697
FN:121,sc4626._isFlashLoanInitiated
FNDA:15966,sc4626._isFlashLoanInitiated
DA:122,15966
DA:122,15966
BRDA:122,9,0,6
BRDA:122,9,1,15960
DA:122,6
FNF:11
FNH:11
LF:26
LH:26
BRF:20
BRH:20
end_of_record
TN:
SF:src/staking/BonusTracker.sol
FN:35,BonusTracker.
FNDA:0,BonusTracker.
DA:36,0
DA:36,0
FN:40,BonusTracker.boost
FNDA:2077,BonusTracker.boost
DA:41,2077
DA:41,2077
DA:42,2077
DA:42,2077
DA:43,2077
DA:43,2077
DA:45,2077
DA:45,2077
BRDA:45,0,0,1508
BRDA:45,0,1,2077
DA:46,1508
DA:46,1508
DA:47,1508
DA:47,1508
DA:48,1508
DA:48,1508
DA:49,1508
DA:49,1508
FN:54,BonusTracker.lastTimeBonusApplicable
FNDA:261,BonusTracker.lastTimeBonusApplicable
DA:55,13559
DA:55,13559
DA:55,13559
FN:59,BonusTracker.bonusPerToken
FNDA:522,BonusTracker.bonusPerToken
DA:60,522
DA:60,522
DA:60,522
FN:64,BonusTracker.bonusOf
FNDA:261,BonusTracker.bonusOf
DA:65,261
DA:65,261
DA:65,261
FN:68,BonusTracker._earnedBonus
FNDA:12776,BonusTracker._earnedBonus
DA:69,12776
DA:69,12776
DA:69,12776
DA:69,12776
FN:73,BonusTracker._bonusPerToken
FNDA:13298,BonusTracker._bonusPerToken
DA:74,13298
DA:74,13298
DA:74,13298
DA:74,13298
FN:77,BonusTracker._updateBonus
FNDA:12515,BonusTracker._updateBonus
DA:79,12515
DA:79,12515
DA:79,12515
DA:80,12515
DA:80,12515
DA:80,12515
DA:83,12515
DA:83,12515
DA:84,12515
DA:84,12515
DA:85,12515
DA:85,12515
DA:86,12515
DA:86,12515
FN:89,BonusTracker._updateReward
FNDA:0,BonusTracker._updateReward
FNF:9
FNH:7
LF:20
LH:19
BRF:2
BRH:2
end_of_record
TN:
SF:src/staking/DebtTracker.sol
FN:24,DebtTracker.debtFor
FNDA:783,DebtTracker.debtFor
DA:25,783
DA:25,783
DA:25,783
FN:28,DebtTracker._updateDebt
FNDA:11488,DebtTracker._updateDebt
DA:30,11488
DA:30,11488
DA:30,11488
DA:31,11488
DA:31,11488
DA:34,11488
DA:34,11488
DA:34,11488
BRDA:34,0,0,2494
BRDA:34,0,1,11488
DA:35,2494
DA:35,2494
FN:39,DebtTracker._debtFor
FNDA:2610,DebtTracker._debtFor
DA:41,2610
DA:41,2610
DA:41,2610
DA:42,2610
DA:42,2610
DA:43,2610
DA:43,2610
DA:43,2610
DA:44,2610
DA:44,2610
DA:47,2610
DA:47,2610
BRDA:47,1,0,-
BRDA:47,1,1,2610
DA:47,0
DA:50,2610
DA:50,2610
FNF:3
FNH:3
LF:11
LH:11
BRF:4
BRH:3
end_of_record
TN:
SF:src/staking/RewardTracker.sol
FN:62,RewardTracker.
FNDA:0,RewardTracker.
DA:71,0
DA:71,0
DA:73,0
DA:73,0
DA:73,0
BRDA:73,0,0,-
BRDA:73,0,1,-
DA:73,0
DA:75,0
DA:75,0
DA:76,0
DA:76,0
DA:77,0
DA:77,0
FN:80,RewardTracker.onlyDistributor
FNDA:522,RewardTracker.onlyDistributor
DA:81,522
DA:81,522
BRDA:81,1,0,-
BRDA:81,1,1,522
DA:81,0
FN:85,RewardTracker.onlyAdmin
FNDA:524,RewardTracker.onlyAdmin
DA:86,524
DA:86,524
BRDA:86,2,0,1
BRDA:86,2,1,2
DA:86,0
FN:90,RewardTracker.totalAssets
FNDA:0,RewardTracker.totalAssets
DA:91,8587
DA:91,8587
FN:94,RewardTracker.deposit
FNDA:4720,RewardTracker.deposit
DA:96,4720
DA:96,4720
BRDA:96,3,0,1
BRDA:96,3,1,4719
DA:96,1
DA:99,4719
DA:99,4719
DA:100,4719
DA:100,4719
BRDA:100,4,0,261
BRDA:100,4,1,4458
DA:100,261
DA:102,4458
DA:102,4458
DA:103,4458
DA:103,4458
DA:104,4458
DA:104,4458
FN:107,RewardTracker.mint
FNDA:523,RewardTracker.mint
DA:109,523
DA:109,523
BRDA:109,5,0,1
BRDA:109,5,1,522
DA:109,1
DA:112,522
DA:112,522
DA:113,522
DA:113,522
BRDA:113,6,0,261
BRDA:113,6,1,261
DA:113,261
DA:115,261
DA:115,261
DA:116,261
DA:116,261
DA:117,261
DA:117,261
FN:120,RewardTracker.afterDeposit
FNDA:4719,RewardTracker.afterDeposit
DA:122,4719
DA:122,4719
DA:122,4719
DA:123,4719
DA:123,4719
DA:123,4719
DA:124,4719
DA:124,4719
DA:125,4719
DA:125,4719
DA:126,4719
DA:126,4719
FN:129,RewardTracker.transfer
FNDA:519,RewardTracker.transfer
DA:131,519
DA:131,519
DA:132,519
DA:132,519
BRDA:132,7,0,261
BRDA:132,7,1,258
DA:132,261
DA:134,258
DA:134,258
DA:135,258
DA:135,258
DA:136,258
DA:136,258
DA:137,258
DA:137,258
DA:138,258
DA:138,258
DA:140,258
DA:140,258
DA:140,258
FN:143,RewardTracker.transferFrom
FNDA:519,RewardTracker.transferFrom
DA:145,519
DA:145,519
DA:146,519
DA:146,519
BRDA:146,8,0,261
BRDA:146,8,1,258
DA:146,261
DA:148,258
DA:148,258
DA:149,258
DA:149,258
DA:150,258
DA:150,258
DA:151,258
DA:151,258
DA:152,258
DA:152,258
DA:154,258
DA:154,258
DA:154,258
FN:158,RewardTracker.claimRewards
FNDA:2611,RewardTracker.claimRewards
DA:159,2611
DA:159,2611
DA:160,2611
DA:160,2611
DA:162,2611
DA:162,2611
BRDA:162,9,0,972
BRDA:162,9,1,2611
DA:163,972
DA:163,972
DA:164,972
DA:164,972
DA:165,972
DA:165,972
DA:166,972
DA:166,972
FN:171,RewardTracker.lastTimeRewardApplicable
FNDA:261,RewardTracker.lastTimeRewardApplicable
DA:172,17475
DA:172,17475
DA:172,17475
FN:176,RewardTracker.rewardPerToken
FNDA:522,RewardTracker.rewardPerToken
DA:177,522
DA:177,522
DA:177,522
FN:182,RewardTracker.earned
FNDA:261,RewardTracker.earned
DA:183,261
DA:183,261
DA:183,261
FN:191,RewardTracker.startRewardsDistribution
FNDA:1566,RewardTracker.startRewardsDistribution
DA:192,1566
DA:192,1566
FN:197,RewardTracker.fetchRewards
FNDA:522,RewardTracker.fetchRewards
DA:198,522
DA:198,522
BRDA:198,10,0,261
BRDA:198,10,1,261
DA:198,261
DA:200,261
DA:200,261
DA:202,261
DA:202,261
FN:206,RewardTracker.addVault
FNDA:524,RewardTracker.addVault
DA:207,524
DA:207,524
DA:207,524
BRDA:207,11,0,261
BRDA:207,11,1,263
DA:207,261
DA:209,263
DA:209,263
DA:211,263
DA:211,263
FN:216,RewardTracker.setTreasury
FNDA:3,RewardTracker.setTreasury
DA:217,2
DA:217,2
DA:217,2
BRDA:217,12,0,1
BRDA:217,12,1,1
DA:217,1
DA:218,1
DA:218,1
DA:219,1
DA:219,1
FN:222,RewardTracker._startRewardsDistribution
FNDA:1827,RewardTracker._startRewardsDistribution
DA:227,1827
DA:227,1827
DA:227,1827
DA:228,1827
DA:228,1827
DA:230,1827
DA:230,1827
BRDA:230,13,0,522
BRDA:230,13,1,1305
DA:231,522
DA:231,522
DA:238,1305
DA:238,1305
DA:239,1305
DA:239,1305
DA:240,1305
DA:240,1305
DA:240,1305
DA:241,1305
DA:241,1305
DA:248,1305
DA:248,1305
DA:251,1305
DA:251,1305
DA:251,1305
DA:252,1305
DA:252,1305
DA:253,1305
DA:253,1305
DA:255,1305
DA:255,1305
BRDA:255,14,0,1136
BRDA:255,14,1,169
DA:256,1136
DA:256,1136
DA:258,169
DA:258,169
DA:258,169
DA:259,169
DA:259,169
DA:259,169
DA:260,169
DA:260,169
DA:263,1305
DA:263,1305
DA:264,1305
DA:264,1305
DA:265,1305
DA:265,1305
DA:267,1305
DA:267,1305
FN:270,RewardTracker.withdraw
FNDA:2605,RewardTracker.withdraw
DA:271,4432
DA:271,4432
DA:273,4432
DA:273,4432
BRDA:273,15,0,258
BRDA:273,15,1,258
DA:274,258
DA:274,258
DA:276,258
DA:276,258
BRDA:276,16,0,258
BRDA:276,16,1,258
DA:276,258
DA:280,4432
DA:280,4432
DA:281,4432
DA:281,4432
BRDA:281,17,0,261
BRDA:281,17,1,4171
DA:281,261
DA:283,4171
DA:283,4171
DA:284,4171
DA:284,4171
DA:285,4171
DA:285,4171
DA:287,4171
DA:287,4171
DA:289,4171
DA:289,4171
DA:291,4171
DA:291,4171
FN:294,RewardTracker.redeem
FNDA:778,RewardTracker.redeem
DA:295,778
DA:295,778
BRDA:295,18,0,258
BRDA:295,18,1,258
DA:296,258
DA:296,258
DA:298,258
DA:298,258
BRDA:298,19,0,258
BRDA:298,19,1,258
DA:298,258
DA:302,778
DA:302,778
BRDA:302,20,0,1
BRDA:302,20,1,777
DA:305,777
DA:305,777
DA:306,777
DA:306,777
BRDA:306,21,0,261
BRDA:306,21,1,516
DA:306,261
DA:308,516
DA:308,516
DA:309,516
DA:309,516
DA:310,516
DA:310,516
DA:312,516
DA:312,516
DA:314,516
DA:314,516
DA:316,516
DA:316,516
FN:320,RewardTracker.payDebt
FNDA:1827,RewardTracker.payDebt
DA:321,1827
DA:321,1827
DA:321,1827
DA:322,1827
DA:322,1827
DA:325,1827
DA:325,1827
DA:326,1827
DA:326,1827
FN:329,RewardTracker._earned
FNDA:15387,RewardTracker._earned
DA:330,15387
DA:330,15387
DA:330,15387
DA:332,15387
DA:332,15387
DA:333,15387
DA:333,15387
DA:333,15387
FN:336,RewardTracker._calcRewardPerToken
FNDA:17214,RewardTracker._calcRewardPerToken
DA:341,17214
DA:341,17214
DA:341,17214
DA:342,17214
DA:342,17214
BRDA:342,22,0,1603
BRDA:342,22,1,15611
DA:343,1603
DA:343,1603
DA:346,15611
DA:346,15611
DA:346,15611
DA:347,15611
DA:347,15611
FN:350,RewardTracker._updateReward
FNDA:15126,RewardTracker._updateReward
DA:352,15126
DA:352,15126
DA:352,15126
DA:353,15126
DA:353,15126
DA:353,15126
DA:356,15126
DA:356,15126
DA:357,15126
DA:357,15126
DA:358,15126
DA:358,15126
DA:359,15126
DA:359,15126
FN:363,RewardTracker._burnMultiplierPoints
FNDA:5203,RewardTracker._burnMultiplierPoints
DA:364,5203
DA:364,5203
DA:367,5203
DA:367,5203
BRDA:367,23,0,4431
BRDA:367,23,1,772
DA:367,4431
DA:370,772
DA:370,772
DA:371,772
DA:371,772
DA:372,772
DA:372,772
DA:373,772
DA:373,772
DA:374,772
DA:374,772
FNF:25
FNH:23
LF:131
LH:126
BRF:48
BRH:45
end_of_record
TN:
SF:src/steth/BaseV2Vault.sol
FN:49,BaseV2Vault.
FNDA:0,BaseV2Vault.
DA:58,0
DA:58,0
DA:59,0
DA:59,0
DA:61,0
DA:61,0
DA:62,0
DA:62,0
DA:64,0
DA:64,0
FN:72,BaseV2Vault.whiteListOutToken
FNDA:4,BaseV2Vault.whiteListOutToken
DA:73,4
DA:73,4
DA:75,3
DA:75,3
DA:75,3
DA:75,3
BRDA:75,0,0,1
BRDA:75,0,1,2
DA:75,1
DA:77,2
DA:77,2
DA:79,2
DA:79,2
FN:86,BaseV2Vault.setSwapper
FNDA:4,BaseV2Vault.setSwapper
DA:87,4
DA:87,4
DA:89,3
DA:89,3
DA:89,3
DA:89,3
BRDA:89,1,0,1
BRDA:89,1,1,2
DA:89,1
DA:91,2
DA:91,2
DA:93,2
DA:93,2
FN:100,BaseV2Vault.addAdapter
FNDA:16203,BaseV2Vault.addAdapter
DA:101,16203
DA:101,16203
DA:103,16201
DA:103,16201
DA:103,16201
DA:105,16201
DA:105,16201
BRDA:105,2,0,2
BRDA:105,2,1,16199
DA:105,2
DA:107,16199
DA:107,16199
DA:109,16199
DA:109,16199
DA:111,16199
DA:111,16199
FN:119,BaseV2Vault.removeAdapter
FNDA:16,BaseV2Vault.removeAdapter
DA:120,16
DA:120,16
DA:121,14
DA:121,14
DA:124,12
DA:124,12
DA:124,12
DA:124,10
DA:124,10
BRDA:124,3,0,2
BRDA:124,3,1,9
DA:125,2
DA:125,2
DA:128,9
DA:128,9
DA:130,9
DA:130,9
DA:132,9
DA:132,9
FN:139,BaseV2Vault.isSupported
FNDA:19,BaseV2Vault.isSupported
DA:140,56261
DA:140,56261
DA:140,56261
FN:145,BaseV2Vault.getAdapter
FNDA:5,BaseV2Vault.getAdapter
DA:146,5
DA:146,5
FN:152,BaseV2Vault.isTokenWhitelisted
FNDA:4,BaseV2Vault.isTokenWhitelisted
DA:153,4
DA:153,4
FN:161,BaseV2Vault.claimRewards
FNDA:4,BaseV2Vault.claimRewards
DA:162,4
DA:162,4
DA:163,2
DA:163,2
DA:165,2
DA:165,2
DA:167,2
DA:167,2
FN:178,BaseV2Vault.zeroExSwap
FNDA:7,BaseV2Vault.zeroExSwap
DA:185,7
DA:185,7
DA:187,5
DA:187,5
BRDA:187,4,0,1
BRDA:187,4,1,4
DA:187,1
DA:189,4
DA:189,4
DA:189,4
DA:195,4
DA:195,4
FN:198,BaseV2Vault._multiCall
FNDA:8424,BaseV2Vault._multiCall
DA:199,8424
DA:199,8424
DA:199,38908
DA:199,30484
DA:200,30485
DA:200,30485
BRDA:200,5,0,28918
BRDA:200,5,1,30484
DA:200,30485
DA:202,28918
DA:202,28918
FN:206,BaseV2Vault._adapterDelegateCall
FNDA:7048,BaseV2Vault._adapterDelegateCall
DA:207,7048
DA:207,7048
FN:210,BaseV2Vault._adapterDelegateCall
FNDA:35526,BaseV2Vault._adapterDelegateCall
DA:211,35526
DA:211,35526
FN:214,BaseV2Vault._isSupportedCheck
FNDA:4407,BaseV2Vault._isSupportedCheck
DA:215,4407
DA:215,4407
BRDA:215,6,0,7
BRDA:215,6,1,4400
DA:215,7
FN:218,BaseV2Vault._zeroAddressCheck
FNDA:0,BaseV2Vault._zeroAddressCheck
DA:219,0
DA:219,0
DA:219,0
BRDA:219,7,0,-
BRDA:219,7,1,-
DA:219,0
FNF:15
FNH:13
LF:44
LH:38
BRF:16
BRH:14
end_of_record
TN:
SF:src/steth/PriceConverter.sol
FN:35,PriceConverter.
FNDA:5255,PriceConverter.
DA:36,15739
DA:36,15739
DA:37,10495
DA:37,10495
FN:40,PriceConverter._onlyAdmin
FNDA:8,PriceConverter._onlyAdmin
DA:41,8
DA:41,8
BRDA:41,0,0,2
BRDA:41,0,1,6
DA:41,2
FN:48,PriceConverter.setUsdcToEthPriceFeed
FNDA:4,PriceConverter.setUsdcToEthPriceFeed
DA:49,4
DA:49,4
DA:50,3
DA:50,3
DA:52,2
DA:52,2
DA:54,2
DA:54,2
FN:59,PriceConverter.setStEThToEthPriceFeed
FNDA:4,PriceConverter.setStEThToEthPriceFeed
DA:60,4
DA:60,4
DA:61,3
DA:61,3
DA:63,2
DA:63,2
DA:65,2
DA:65,2
FN:72,PriceConverter.ethToUsdc
FNDA:3734,PriceConverter.ethToUsdc
DA:73,3734
DA:73,3734
DA:73,3734
DA:75,3734
DA:75,3734
DA:75,3734
FN:82,PriceConverter.usdcToEth
FNDA:1046,PriceConverter.usdcToEth
DA:83,1046
DA:83,1046
DA:83,1046
DA:85,1046
DA:85,1046
DA:85,1046
FN:88,PriceConverter.ethToDai
FNDA:3407,PriceConverter.ethToDai
DA:89,3407
DA:89,3407
DA:89,3407
DA:91,3407
DA:91,3407
DA:91,3407
FN:94,PriceConverter.daiToEth
FNDA:783,PriceConverter.daiToEth
DA:95,783
DA:95,783
DA:95,783
DA:97,783
DA:97,783
DA:97,783
FN:100,PriceConverter.ethTosDai
FNDA:3407,PriceConverter.ethTosDai
DA:101,3407
DA:101,3407
DA:101,3407
DA:103,3407
DA:103,3407
DA:103,3407
FN:106,PriceConverter.sDaiToEth
FNDA:783,PriceConverter.sDaiToEth
DA:107,783
DA:107,783
DA:107,783
DA:109,783
DA:109,783
DA:109,783
FN:112,PriceConverter.ethToWstEth
FNDA:19585,PriceConverter.ethToWstEth
DA:113,19585
DA:113,19585
DA:113,19585
DA:115,19585
DA:115,19585
DA:115,19585
DA:117,19585
DA:117,19585
DA:117,19585
FN:120,PriceConverter.stEthToEth
FNDA:2871,PriceConverter.stEthToEth
DA:121,64769
DA:121,64769
DA:121,64769
DA:123,64769
DA:123,64769
DA:123,64769
FN:126,PriceConverter.wstEthToEth
FNDA:61898,PriceConverter.wstEthToEth
DA:128,61898
DA:128,61898
DA:128,61898
DA:130,61898
DA:130,61898
DA:130,61898
FN:133,PriceConverter._zeroAddressCheck
FNDA:10502,PriceConverter._zeroAddressCheck
DA:134,15745
DA:134,15745
DA:134,15745
BRDA:134,1,0,5246
BRDA:134,1,1,5256
DA:134,5246
FNF:14
FNH:14
LF:31
LH:31
BRF:4
BRH:4
end_of_record
TN:
SF:src/steth/Swapper.sol
FN:43,Swapper.uniswapSwapExactInputMultihop
FNDA:0,Swapper.uniswapSwapExactInputMultihop
DA:49,264
DA:49,264
DA:51,264
DA:51,264
DA:51,264
DA:59,264
DA:59,264
DA:59,264
FN:71,Swapper.uniswapSwapExactInput
FNDA:269,Swapper.uniswapSwapExactInput
DA:78,269
DA:78,269
DA:80,269
DA:80,269
DA:80,269
DA:91,269
DA:91,269
DA:91,269
FN:101,Swapper.uniswapSwapExactOutputMultihop
FNDA:1,Swapper.uniswapSwapExactOutputMultihop
DA:107,3
DA:107,3
DA:109,3
DA:109,3
DA:109,3
DA:117,3
DA:117,3
DA:117,3
FN:129,Swapper.uniswapSwapExactOutput
FNDA:3,Swapper.uniswapSwapExactOutput
DA:136,3
DA:136,3
DA:136,3
DA:147,3
DA:147,3
DA:149,3
DA:149,3
DA:149,3
DA:151,3
DA:151,3
DA:153,3
DA:153,3
FN:165,Swapper.zeroExSwap
FNDA:4,Swapper.zeroExSwap
DA:172,4
DA:172,4
DA:172,4
DA:174,4
DA:174,4
DA:176,4
DA:176,4
DA:178,4
DA:178,4
DA:178,4
DA:178,4
DA:180,4
DA:180,4
BRDA:180,0,0,-
BRDA:180,0,1,4
DA:180,0
DA:182,4
DA:182,4
DA:184,4
DA:184,4
FN:192,Swapper.lidoSwapWethToWstEth
FNDA:3922,Swapper.lidoSwapWethToWstEth
DA:194,3922
DA:194,3922
DA:198,3922
DA:198,3922
DA:198,3922
BRDA:198,1,0,-
BRDA:198,1,1,264
DA:199,264
DA:199,264
DA:201,3658
DA:201,3658
DA:205,3922
DA:205,3922
DA:205,3922
DA:206,3922
DA:206,3922
DA:208,3922
DA:208,3922
DA:208,3922
FN:217,Swapper.curveSwapStEthToWeth
FNDA:2871,Swapper.curveSwapStEthToWeth
DA:222,2871
DA:222,2871
DA:224,2871
DA:224,2871
DA:227,2871
DA:227,2871
FN:236,Swapper.swapWethToSdai
FNDA:264,Swapper.swapWethToSdai
DA:238,264
DA:238,264
DA:238,264
DA:242,264
DA:242,264
DA:244,264
DA:244,264
BRDA:244,2,0,-
BRDA:244,2,1,264
DA:244,0
FN:252,Swapper.swapSdaiForExactWeth
FNDA:2,Swapper.swapSdaiForExactWeth
DA:254,2
DA:254,2
DA:254,2
DA:257,2
DA:257,2
DA:262,2
DA:262,2
FN:267,Swapper._swapSdaiToDai
FNDA:2,Swapper._swapSdaiToDai
DA:268,2
DA:268,2
DA:268,2
FN:271,Swapper._swapDaiToSdai
FNDA:266,Swapper._swapDaiToSdai
DA:272,266
DA:272,266
DA:272,266
FN:275,Swapper._daiBalance
FNDA:2,Swapper._daiBalance
DA:276,2
DA:276,2
DA:276,2
FNF:12
FNH:11
LF:40
LH:40
BRF:6
BRH:3
end_of_record
TN:
SF:src/steth/scDAI.sol
FN:59,scDAI.
FNDA:0,scDAI.
DA:62,0
DA:62,0
DA:64,0
DA:64,0
DA:66,0
DA:66,0
DA:67,0
DA:67,0
FN:74,scDAI.depositDai
FNDA:261,scDAI.depositDai
DA:76,261
DA:76,261
DA:79,261
DA:79,261
DA:82,261
DA:82,261
BRDA:82,0,0,-
BRDA:82,0,1,261
DA:84,261
DA:84,261
DA:86,261
DA:86,261
DA:88,261
DA:88,261
FN:96,scDAI.rebalance
FNDA:790,scDAI.rebalance
DA:97,790
DA:97,790
DA:99,790
DA:99,790
DA:102,790
DA:102,790
DA:105,790
DA:105,790
DA:105,790
DA:106,790
DA:106,790
DA:106,790
DA:108,790
DA:108,790
BRDA:108,1,0,-
BRDA:108,1,1,790
DA:109,0
DA:109,0
DA:112,790
DA:112,790
FN:121,scDAI.reallocate
FNDA:1,scDAI.reallocate
DA:122,1
DA:122,1
DA:124,0
DA:124,0
BRDA:124,2,0,-
BRDA:124,2,1,-
DA:124,0
DA:126,0
DA:126,0
DA:126,0
DA:127,0
DA:127,0
DA:129,0
DA:129,0
DA:129,0
DA:130,0
DA:130,0
DA:132,0
DA:132,0
DA:133,0
DA:133,0
DA:134,0
DA:134,0
DA:136,0
DA:136,0
FN:144,scDAI.sellProfit
FNDA:1,scDAI.sellProfit
DA:145,1
DA:145,1
DA:147,1
DA:147,1
DA:147,1
DA:149,1
DA:149,1
BRDA:149,3,0,-
BRDA:149,3,1,1
DA:149,0
DA:151,1
DA:151,1
DA:151,1
DA:152,1
DA:152,1
DA:152,1
DA:154,1
DA:154,1
FN:163,scDAI.exitAllPositions
FNDA:3,scDAI.exitAllPositions
DA:164,3
DA:164,3
DA:166,3
DA:166,3
DA:166,3
DA:167,3
DA:167,3
DA:167,3
DA:168,3
DA:168,3
DA:168,3
DA:170,3
DA:170,3
BRDA:170,4,0,-
BRDA:170,4,1,1
DA:172,1
DA:172,1
DA:172,1
DA:173,1
DA:173,1
DA:175,1
DA:175,1
DA:175,1
DA:176,1
DA:176,1
DA:178,1
DA:178,1
DA:179,1
DA:179,1
DA:180,1
DA:180,1
DA:182,2
DA:182,2
DA:185,2
DA:185,2
DA:185,2
DA:187,2
DA:187,2
BRDA:187,5,0,1
BRDA:187,5,1,2
DA:187,1
DA:190,3
DA:190,3
DA:190,3
BRDA:190,6,0,-
BRDA:190,6,1,3
DA:190,0
DA:192,3
DA:192,3
FN:203,scDAI.receiveFlashLoan
FNDA:1,scDAI.receiveFlashLoan
DA:209,1
DA:209,1
DA:211,1
DA:211,1
DA:212,1
DA:212,1
DA:212,1
DA:214,1
DA:214,1
BRDA:214,7,0,1
BRDA:214,7,1,-
DA:215,1
DA:215,1
DA:216,1
DA:216,1
DA:218,0
DA:218,0
DA:218,0
DA:219,0
DA:219,0
DA:222,1
DA:222,1
FN:230,scDAI.supply
FNDA:792,scDAI.supply
DA:231,792
DA:231,792
DA:232,792
DA:232,792
DA:234,792
DA:234,792
FN:242,scDAI.borrow
FNDA:791,scDAI.borrow
DA:243,791
DA:243,791
DA:244,791
DA:244,791
DA:246,791
DA:246,791
FN:254,scDAI.repay
FNDA:1,scDAI.repay
DA:255,1
DA:255,1
DA:256,1
DA:256,1
DA:258,1
DA:258,1
FN:266,scDAI.withdraw
FNDA:1,scDAI.withdraw
DA:267,1
DA:267,1
DA:268,1
DA:268,1
DA:270,1
DA:270,1
FN:277,scDAI.disinvest
FNDA:1,scDAI.disinvest
DA:278,1
DA:278,1
DA:280,1
DA:280,1
FN:286,scDAI.totalAssets
FNDA:1308,scDAI.totalAssets
DA:287,2622
DA:287,2622
DA:287,2622
FN:293,scDAI.sDaiBalance
FNDA:267,scDAI.sDaiBalance
DA:294,4206
DA:294,4206
DA:294,4206
FN:301,scDAI.getCollateral
FNDA:263,scDAI.getCollateral
DA:302,263
DA:302,263
BRDA:302,8,0,-
BRDA:302,8,1,263
DA:302,0
DA:304,263
DA:304,263
DA:304,263
FN:310,scDAI.totalCollateral
FNDA:4,scDAI.totalCollateral
DA:311,3942
DA:311,3942
DA:311,3942
DA:313,3942
DA:313,3942
DA:313,7884
DA:313,3942
DA:314,3942
DA:314,3942
DA:314,3942
DA:315,3942
DA:315,3942
FN:323,scDAI.getDebt
FNDA:263,scDAI.getDebt
DA:324,263
DA:324,263
BRDA:324,9,0,-
BRDA:324,9,1,263
DA:324,0
DA:326,263
DA:326,263
DA:326,263
FN:332,scDAI.totalDebt
FNDA:4,scDAI.totalDebt
DA:333,3946
DA:333,3946
DA:333,3946
DA:335,3946
DA:335,3946
DA:335,7892
DA:335,3946
DA:336,3946
DA:336,3946
DA:336,3946
DA:337,3946
DA:337,3946
FN:344,scDAI.wethInvested
FNDA:7,scDAI.wethInvested
DA:345,3156
DA:345,3156
DA:345,3156
FN:352,scDAI.getProfit
FNDA:3,scDAI.getProfit
DA:353,3
DA:353,3
DA:353,3
FN:360,scDAI._supply
FNDA:792,scDAI._supply
DA:361,792
DA:361,792
DA:363,792
DA:363,792
FN:366,scDAI._borrow
FNDA:791,scDAI._borrow
DA:367,791
DA:367,791
DA:369,791
DA:369,791
FN:372,scDAI._repay
FNDA:527,scDAI._repay
DA:373,527
DA:373,527
DA:373,527
DA:375,527
DA:375,527
DA:377,527
DA:377,527
DA:379,527
DA:379,527
FN:382,scDAI._withdraw
FNDA:527,scDAI._withdraw
DA:383,527
DA:383,527
DA:385,527
DA:385,527
FN:388,scDAI._invest
FNDA:790,scDAI._invest
DA:389,790
DA:389,790
DA:389,790
DA:391,790
DA:391,790
BRDA:391,10,0,-
BRDA:391,10,1,790
DA:392,790
DA:392,790
DA:394,790
DA:394,790
FN:398,scDAI._disinvest
FNDA:786,scDAI._disinvest
DA:399,786
DA:399,786
DA:399,786
DA:401,786
DA:401,786
DA:401,786
DA:403,786
DA:403,786
DA:405,786
DA:405,786
FN:408,scDAI._repayAllDebtAndWithdrawCollateral
FNDA:3,scDAI._repayAllDebtAndWithdrawCollateral
DA:409,3
DA:409,3
DA:409,3
DA:411,3
DA:411,3
DA:411,6
DA:411,3
DA:412,3
DA:412,3
DA:412,3
DA:413,3
DA:413,3
DA:413,3
DA:414,3
DA:414,3
DA:414,3
DA:416,3
DA:416,3
BRDA:416,11,0,3
BRDA:416,11,1,3
DA:416,3
DA:417,3
DA:417,3
BRDA:417,12,0,3
BRDA:417,12,1,3
DA:417,3
FN:421,scDAI.beforeWithdraw
FNDA:523,scDAI.beforeWithdraw
DA:424,523
DA:424,523
DA:424,523
DA:425,523
DA:425,523
BRDA:425,13,0,-
BRDA:425,13,1,523
DA:425,0
DA:427,523
DA:427,523
DA:427,523
DA:428,523
DA:428,523
DA:428,523
DA:429,523
DA:429,523
DA:429,523
DA:430,523
DA:430,523
DA:430,523
DA:431,523
DA:431,523
DA:431,523
DA:432,523
DA:432,523
DA:432,523
DA:433,523
DA:433,523
DA:433,523
DA:433,523
DA:436,523
DA:436,523
BRDA:436,14,0,-
BRDA:436,14,1,261
DA:437,261
DA:437,261
DA:437,261
DA:438,261
DA:438,261
DA:438,261
DA:439,261
DA:439,261
DA:439,261
DA:441,261
DA:441,261
DA:441,261
BRDA:441,15,0,-
BRDA:441,15,1,261
DA:441,0
DA:443,261
DA:443,261
DA:447,523
DA:447,523
FN:450,scDAI._repayDebtAndReleaseCollateral
FNDA:523,scDAI._repayDebtAndReleaseCollateral
DA:457,523
DA:457,523
DA:459,523
DA:459,523
DA:459,523
DA:460,523
DA:460,523
DA:462,523
DA:462,523
DA:463,523
DA:463,523
BRDA:463,16,0,523
BRDA:463,16,1,523
DA:463,523
DA:466,523
DA:466,523
DA:466,523
DA:468,523
DA:468,523
DA:468,1046
DA:468,523
DA:469,523
DA:469,523
DA:469,523
DA:470,523
DA:470,523
DA:470,523
DA:472,523
DA:472,523
BRDA:472,17,0,-
BRDA:472,17,1,523
DA:472,0
DA:474,523
DA:474,523
DA:474,523
DA:475,523
DA:475,523
DA:475,523
DA:477,523
DA:477,523
DA:477,523
DA:477,523
BRDA:477,18,0,261
BRDA:477,18,1,262
DA:479,523
DA:479,523
DA:479,523
DA:481,523
DA:481,523
BRDA:481,19,0,261
BRDA:481,19,1,262
DA:482,261
DA:482,261
DA:484,262
DA:484,262
DA:487,523
DA:487,523
DA:490,523
DA:490,523
FN:494,scDAI._calculateTotalAssets
FNDA:3145,scDAI._calculateTotalAssets
DA:499,3145
DA:499,3145
DA:501,3145
DA:501,3145
DA:501,3145
DA:503,3145
DA:503,3145
BRDA:503,20,0,-
BRDA:503,20,1,1150
DA:505,1150
DA:505,1150
DA:507,1995
DA:507,1995
FN:511,scDAI._calculateWethProfit
FNDA:3672,scDAI._calculateWethProfit
DA:512,3672
DA:512,3672
DA:512,3672
FN:515,scDAI._wethBalance
FNDA:1319,scDAI._wethBalance
DA:516,1319
DA:516,1319
DA:516,1319
FN:519,scDAI._swapWethForAsset
FNDA:263,scDAI._swapWethForAsset
DA:521,263
DA:521,263
DA:521,263
DA:525,263
DA:525,263
DA:525,263
FN:528,scDAI._swapAssetForExactWeth
FNDA:1,scDAI._swapAssetForExactWeth
DA:529,1
DA:529,1
FNF:34
FNH:33
LF:160
LH:144
BRF:42
BRH:26
end_of_record
TN:
SF:src/steth/scDai-adapters/SparkScDaiAdapter.sol
FN:31,SparkScDaiAdapter.setApprovals
FNDA:23,SparkScDaiAdapter.setApprovals
DA:32,23
DA:32,23
DA:33,23
DA:33,23
FN:37,SparkScDaiAdapter.revokeApprovals
FNDA:1,SparkScDaiAdapter.revokeApprovals
DA:38,1
DA:38,1
DA:39,1
DA:39,1
FN:43,SparkScDaiAdapter.supply
FNDA:797,SparkScDaiAdapter.supply
DA:44,797
DA:44,797
FN:48,SparkScDaiAdapter.borrow
FNDA:795,SparkScDaiAdapter.borrow
DA:49,795
DA:49,795
FN:53,SparkScDaiAdapter.repay
FNDA:529,SparkScDaiAdapter.repay
DA:54,529
DA:54,529
FN:58,SparkScDaiAdapter.withdraw
FNDA:529,SparkScDaiAdapter.withdraw
DA:59,529
DA:59,529
FN:63,SparkScDaiAdapter.claimRewards
FNDA:1,SparkScDaiAdapter.claimRewards
DA:64,1
DA:64,1
FN:68,SparkScDaiAdapter.getCollateral
FNDA:4735,SparkScDaiAdapter.getCollateral
DA:69,4735
DA:69,4735
DA:69,4735
FN:73,SparkScDaiAdapter.getDebt
FNDA:4738,SparkScDaiAdapter.getDebt
DA:74,4738
DA:74,4738
DA:74,4738
FN:78,SparkScDaiAdapter.getMaxLtv
FNDA:262,SparkScDaiAdapter.getMaxLtv
DA:79,262
DA:79,262
DA:79,262
DA:82,262
DA:82,262
DA:82,262
FNF:10
FNH:10
LF:13
LH:13
BRF:0
BRH:0
end_of_record
TN:
SF:src/steth/scUSDC.sol
FN:101,scUSDC.
FNDA:0,scUSDC.
DA:104,0
DA:104,0
DA:105,0
DA:105,0
DA:106,0
DA:106,0
DA:107,0
DA:107,0
DA:108,0
DA:108,0
DA:109,0
DA:109,0
DA:110,0
DA:110,0
DA:111,0
DA:111,0
DA:112,0
DA:112,0
DA:114,0
DA:114,0
DA:116,0
DA:116,0
DA:117,0
DA:117,0
DA:118,0
DA:118,0
FN:129,scUSDC.applyNewTargetLtv
FNDA:7,scUSDC.applyNewTargetLtv
DA:130,7
DA:130,7
DA:132,6
DA:132,6
DA:132,6
BRDA:132,0,0,1
BRDA:132,0,1,5
DA:132,1
DA:134,5
DA:134,5
DA:136,5
DA:136,5
DA:138,5
DA:138,5
FN:145,scUSDC.rebalance
FNDA:1347,scUSDC.rebalance
DA:146,1352
DA:146,1352
DA:148,1351
DA:148,1351
DA:148,1351
DA:149,1351
DA:149,1351
DA:150,1351
DA:150,1351
DA:150,1351
DA:151,1351
DA:151,1351
DA:151,1351
DA:152,1351
DA:152,1351
DA:152,1351
DA:153,1351
DA:153,1351
DA:154,1351
DA:154,1351
DA:155,1351
DA:155,1351
DA:155,1351
DA:158,1351
DA:158,1351
BRDA:158,1,0,-
BRDA:158,1,1,1217
DA:159,1217
DA:159,1217
DA:160,1217
DA:160,1217
DA:161,1217
DA:161,1217
DA:165,1351
DA:165,1351
DA:165,1351
DA:166,1351
DA:166,1351
DA:166,1351
DA:168,1351
DA:168,1351
DA:168,1351
BRDA:168,2,0,130
BRDA:168,2,1,1221
DA:168,130
DA:170,1221
DA:170,1221
BRDA:170,3,0,-
BRDA:170,3,1,3
DA:171,3
DA:171,3
DA:171,3
DA:172,3
DA:172,3
DA:174,1218
DA:174,1218
DA:175,1218
DA:175,1218
DA:178,1221
DA:178,1221
FN:187,scUSDC.sellProfit
FNDA:266,scUSDC.sellProfit
DA:188,266
DA:188,266
DA:190,265
DA:190,265
DA:190,265
DA:192,265
DA:192,265
BRDA:192,4,0,1
BRDA:192,4,1,264
DA:192,1
DA:194,264
DA:194,264
DA:194,264
DA:195,264
DA:195,264
DA:195,264
DA:197,263
DA:197,263
FN:204,scUSDC.exitAllPositions
FNDA:6,scUSDC.exitAllPositions
DA:205,6
DA:205,6
DA:207,5
DA:207,5
DA:207,5
DA:209,5
DA:209,5
DA:209,5
BRDA:209,5,0,1
BRDA:209,5,1,4
DA:210,1
DA:210,1
DA:213,4
DA:213,4
DA:213,4
DA:214,4
DA:214,4
DA:214,4
DA:216,4
DA:216,4
DA:216,4
DA:217,4
DA:217,4
DA:219,4
DA:219,4
DA:219,4
DA:220,4
DA:220,4
DA:222,4
DA:222,4
DA:223,4
DA:223,4
DA:224,4
DA:224,4
DA:226,4
DA:226,4
DA:226,4
BRDA:226,6,0,1
BRDA:226,6,1,3
DA:226,1
DA:228,3
DA:228,3
FN:235,scUSDC.receiveFlashLoan
FNDA:6,scUSDC.receiveFlashLoan
DA:241,6
DA:241,6
DA:241,6
BRDA:241,7,0,1
BRDA:241,7,1,5
DA:242,1
DA:242,1
DA:244,5
DA:244,5
DA:246,4
DA:246,4
DA:247,4
DA:247,4
DA:248,4
DA:248,4
DA:248,4
DA:250,4
DA:250,4
DA:251,4
DA:251,4
DA:253,4
DA:253,4
DA:255,4
DA:255,4
DA:255,4
DA:266,4
DA:266,4
DA:268,4
DA:268,4
DA:270,4
DA:270,4
FN:273,scUSDC.totalAssets
FNDA:2121,scUSDC.totalAssets
DA:274,3697
DA:274,3697
DA:274,3697
FN:277,scUSDC.getUsdcFromWeth
FNDA:2,scUSDC.getUsdcFromWeth
DA:278,6245
DA:278,6245
DA:278,6245
DA:280,6245
DA:280,6245
DA:280,6245
FN:283,scUSDC.getWethFromUsdc
FNDA:0,scUSDC.getWethFromUsdc
DA:284,1351
DA:284,1351
DA:284,1351
DA:286,1351
DA:286,1351
DA:286,1351
FN:293,scUSDC.getUsdcBalance
FNDA:543,scUSDC.getUsdcBalance
DA:294,6388
DA:294,6388
DA:294,6388
FN:301,scUSDC.getCollateral
FNDA:556,scUSDC.getCollateral
DA:302,6275
DA:302,6275
DA:302,6275
FN:309,scUSDC.getDebt
FNDA:540,scUSDC.getDebt
DA:310,7747
DA:310,7747
DA:310,7747
FN:317,scUSDC.getInvested
FNDA:3,scUSDC.getInvested
DA:318,5989
DA:318,5989
DA:318,5989
FN:325,scUSDC.getProfit
FNDA:1,scUSDC.getProfit
DA:326,1
DA:326,1
DA:326,1
FN:333,scUSDC.getLtv
FNDA:533,scUSDC.getLtv
DA:334,533
DA:334,533
DA:334,533
DA:336,533
DA:336,533
BRDA:336,8,0,2
BRDA:336,8,1,531
DA:336,2
DA:338,531
DA:338,531
DA:338,531
FN:345,scUSDC.getMaxLtv
FNDA:2,scUSDC.getMaxLtv
DA:346,8
DA:346,8
DA:346,8
DA:349,8
DA:349,8
DA:349,8
FN:356,scUSDC.beforeWithdraw
FNDA:793,scUSDC.beforeWithdraw
DA:357,793
DA:357,793
DA:357,793
DA:358,793
DA:358,793
BRDA:358,9,0,126
BRDA:358,9,1,667
DA:358,126
DA:360,667
DA:360,667
DA:360,667
DA:361,667
DA:361,667
DA:361,667
DA:362,667
DA:362,667
DA:362,667
DA:363,667
DA:363,667
DA:363,667
DA:364,667
DA:364,667
DA:364,667
DA:365,667
DA:365,667
DA:365,667
DA:366,667
DA:366,667
DA:366,667
DA:366,667
DA:369,667
DA:369,667
BRDA:369,10,0,2
BRDA:369,10,1,525
DA:370,528
DA:370,528
DA:370,528
DA:371,528
DA:371,528
DA:371,528
DA:372,528
DA:372,528
DA:372,528
DA:374,527
DA:374,527
DA:374,527
BRDA:374,11,0,2
BRDA:374,11,1,525
DA:374,2
DA:376,525
DA:376,525
DA:380,664
DA:380,664
FN:383,scUSDC._repayDebtAndReleaseCollateral
FNDA:664,scUSDC._repayDebtAndReleaseCollateral
DA:387,664
DA:387,664
DA:389,664
DA:389,664
DA:389,664
DA:390,664
DA:390,664
DA:392,664
DA:392,664
DA:392,664
DA:393,664
DA:393,664
DA:394,664
DA:394,664
FN:397,scUSDC._calculateTotalAssets
FNDA:5715,scUSDC._calculateTotalAssets
DA:402,5715
DA:402,5715
DA:404,5715
DA:404,5715
DA:404,5715
DA:406,5715
DA:406,5715
BRDA:406,12,0,2706
BRDA:406,12,1,3009
DA:408,2706
DA:408,2706
DA:410,3009
DA:410,3009
FN:414,scUSDC._calculateWethProfit
FNDA:6648,scUSDC._calculateWethProfit
DA:415,6648
DA:415,6648
DA:415,6648
FN:418,scUSDC._disinvest
FNDA:1459,scUSDC._disinvest
DA:419,1459
DA:419,1459
DA:419,1459
DA:421,1459
DA:421,1459
FN:424,scUSDC._swapWethForUsdc
FNDA:792,scUSDC._swapWethForUsdc
DA:425,792
DA:425,792
DA:425,792
DA:436,792
DA:436,792
DA:436,792
FNF:22
FNH:20
LF:121
LH:108
BRF:26
BRH:24
end_of_record
TN:
SF:src/steth/scUSDCv2.sol
FN:60,scUSDCv2.
FNDA:0,scUSDCv2.
DA:63,0
DA:63,0
DA:65,0
DA:65,0
DA:67,0
DA:67,0
FN:79,scUSDCv2.rebalance
FNDA:833,scUSDCv2.rebalance
DA:80,833
DA:80,833
DA:82,832
DA:82,832
DA:85,832
DA:85,832
DA:88,832
DA:88,832
DA:88,832
DA:89,832
DA:89,832
DA:89,832
DA:91,832
DA:91,832
BRDA:91,0,0,1
BRDA:91,0,1,831
DA:92,1
DA:92,1
DA:95,831
DA:95,831
FN:104,scUSDCv2.reallocate
FNDA:11,scUSDCv2.reallocate
DA:105,11
DA:105,11
DA:107,10
DA:107,10
BRDA:107,1,0,1
BRDA:107,1,1,9
DA:107,1
DA:109,9
DA:109,9
DA:109,9
DA:110,9
DA:110,9
DA:112,9
DA:112,9
DA:112,9
DA:113,9
DA:113,9
DA:115,9
DA:115,9
DA:116,9
DA:116,9
DA:117,7
DA:117,7
DA:119,7
DA:119,7
FN:127,scUSDCv2.sellProfit
FNDA:6,scUSDCv2.sellProfit
DA:128,6
DA:128,6
DA:130,5
DA:130,5
DA:130,5
DA:132,5
DA:132,5
BRDA:132,2,0,1
BRDA:132,2,1,4
DA:132,1
DA:134,4
DA:134,4
DA:134,4
DA:135,4
DA:135,4
DA:135,4
DA:137,3
DA:137,3
FN:146,scUSDCv2.exitAllPositions
FNDA:8,scUSDCv2.exitAllPositions
DA:147,8
DA:147,8
DA:149,7
DA:149,7
DA:149,7
DA:150,7
DA:150,7
DA:150,7
DA:151,7
DA:151,7
DA:151,7
DA:153,7
DA:153,7
BRDA:153,3,0,-
BRDA:153,3,1,3
DA:155,3
DA:155,3
DA:155,3
DA:156,3
DA:156,3
DA:158,3
DA:158,3
DA:158,3
DA:159,3
DA:159,3
DA:161,3
DA:161,3
DA:162,3
DA:162,3
DA:163,3
DA:163,3
DA:165,4
DA:165,4
DA:168,4
DA:168,4
DA:168,4
DA:170,4
DA:170,4
BRDA:170,4,0,2
BRDA:170,4,1,4
DA:170,2
DA:173,7
DA:173,7
DA:173,7
BRDA:173,5,0,2
BRDA:173,5,1,5
DA:173,2
DA:175,5
DA:175,5
FN:186,scUSDCv2.receiveFlashLoan
FNDA:14,scUSDCv2.receiveFlashLoan
DA:192,14
DA:192,14
DA:194,12
DA:194,12
DA:195,12
DA:195,12
DA:195,12
DA:197,12
DA:197,12
BRDA:197,6,0,3
BRDA:197,6,1,9
DA:198,3
DA:198,3
DA:199,3
DA:199,3
DA:201,9
DA:201,9
DA:201,9
DA:202,9
DA:202,9
DA:205,11
DA:205,11
FN:213,scUSDCv2.supply
FNDA:1396,scUSDCv2.supply
DA:214,1396
DA:214,1396
DA:215,1395
DA:215,1395
DA:217,1393
DA:217,1393
FN:225,scUSDCv2.borrow
FNDA:1386,scUSDCv2.borrow
DA:226,1386
DA:226,1386
DA:227,1385
DA:227,1385
DA:229,1384
DA:229,1384
FN:237,scUSDCv2.repay
FNDA:16,scUSDCv2.repay
DA:238,16
DA:238,16
DA:239,15
DA:239,15
DA:241,14
DA:241,14
FN:249,scUSDCv2.withdraw
FNDA:12,scUSDCv2.withdraw
DA:250,12
DA:250,12
DA:251,11
DA:251,11
DA:253,10
DA:253,10
FN:260,scUSDCv2.disinvest
FNDA:6,scUSDCv2.disinvest
DA:261,6
DA:261,6
DA:263,5
DA:263,5
FN:269,scUSDCv2.totalAssets
FNDA:1577,scUSDCv2.totalAssets
DA:270,2940
DA:270,2940
DA:270,2940
FN:276,scUSDCv2.usdcBalance
FNDA:272,scUSDCv2.usdcBalance
DA:277,4579
DA:277,4579
DA:277,4579
FN:284,scUSDCv2.getCollateral
FNDA:575,scUSDCv2.getCollateral
DA:285,575
DA:285,575
BRDA:285,7,0,3
BRDA:285,7,1,572
DA:285,3
DA:287,572
DA:287,572
DA:287,572
FN:293,scUSDCv2.totalCollateral
FNDA:32,scUSDCv2.totalCollateral
DA:294,4337
DA:294,4337
DA:294,4337
DA:296,4337
DA:296,4337
DA:296,13073
DA:296,8736
DA:297,8736
DA:297,8736
DA:297,8736
DA:298,8736
DA:298,8736
FN:306,scUSDCv2.getDebt
FNDA:576,scUSDCv2.getDebt
DA:307,576
DA:307,576
BRDA:307,8,0,3
BRDA:307,8,1,573
DA:307,3
DA:309,573
DA:309,573
DA:309,573
FN:315,scUSDCv2.totalDebt
FNDA:33,scUSDCv2.totalDebt
DA:316,4350
DA:316,4350
DA:316,4350
DA:318,4350
DA:318,4350
DA:318,13118
DA:318,8768
DA:319,8768
DA:319,8768
DA:319,8768
DA:320,8768
DA:320,8768
FN:327,scUSDCv2.wethInvested
FNDA:14,scUSDCv2.wethInvested
DA:328,3493
DA:328,3493
DA:328,3493
FN:335,scUSDCv2.getProfit
FNDA:7,scUSDCv2.getProfit
DA:336,7
DA:336,7
DA:336,7
FN:343,scUSDCv2._supply
FNDA:1393,scUSDCv2._supply
DA:344,1393
DA:344,1393
DA:346,1392
DA:346,1392
FN:349,scUSDCv2._borrow
FNDA:1384,scUSDCv2._borrow
DA:350,1384
DA:350,1384
DA:352,1384
DA:352,1384
FN:355,scUSDCv2._repay
FNDA:813,scUSDCv2._repay
DA:356,813
DA:356,813
DA:356,813
DA:358,813
DA:358,813
DA:360,813
DA:360,813
DA:362,813
DA:362,813
FN:365,scUSDCv2._withdraw
FNDA:810,scUSDCv2._withdraw
DA:366,810
DA:366,810
DA:368,810
DA:368,810
FN:371,scUSDCv2._invest
FNDA:832,scUSDCv2._invest
DA:372,832
DA:372,832
DA:372,832
DA:374,832
DA:374,832
BRDA:374,9,0,-
BRDA:374,9,1,828
DA:375,828
DA:375,828
DA:377,828
DA:377,828
FN:381,scUSDCv2._disinvest
FNDA:798,scUSDCv2._disinvest
DA:382,798
DA:382,798
DA:382,798
DA:384,798
DA:384,798
DA:384,798
DA:386,798
DA:386,798
DA:388,798
DA:388,798
FN:391,scUSDCv2._repayAllDebtAndWithdrawCollateral
FNDA:7,scUSDCv2._repayAllDebtAndWithdrawCollateral
DA:392,7
DA:392,7
DA:392,7
DA:394,7
DA:394,7
DA:394,23
DA:394,16
DA:395,16
DA:395,16
DA:395,16
DA:396,16
DA:396,16
DA:396,16
DA:397,16
DA:397,16
DA:397,16
DA:399,16
DA:399,16
BRDA:399,10,0,11
BRDA:399,10,1,16
DA:399,11
DA:400,16
DA:400,16
BRDA:400,11,0,11
BRDA:400,11,1,16
DA:400,11
FN:404,scUSDCv2.beforeWithdraw
FNDA:528,scUSDCv2.beforeWithdraw
DA:407,528
DA:407,528
DA:407,528
DA:408,528
DA:408,528
BRDA:408,12,0,1
BRDA:408,12,1,527
DA:408,1
DA:410,527
DA:410,527
DA:410,527
DA:411,527
DA:411,527
DA:411,527
DA:412,527
DA:412,527
DA:412,527
DA:413,527
DA:413,527
DA:413,527
DA:414,527
DA:414,527
DA:414,527
DA:415,527
DA:415,527
DA:415,527
DA:416,527
DA:416,527
DA:416,527
DA:416,527
DA:419,527
DA:419,527
BRDA:419,13,0,1
BRDA:419,13,1,262
DA:420,263
DA:420,263
DA:420,263
DA:421,263
DA:421,263
DA:421,263
DA:422,263
DA:422,263
DA:422,263
DA:424,263
DA:424,263
DA:424,263
BRDA:424,14,0,1
BRDA:424,14,1,262
DA:424,1
DA:426,262
DA:426,262
DA:430,526
DA:430,526
FN:433,scUSDCv2._repayDebtAndReleaseCollateral
FNDA:526,scUSDCv2._repayDebtAndReleaseCollateral
DA:440,526
DA:440,526
DA:442,526
DA:442,526
DA:442,526
DA:443,526
DA:443,526
DA:445,526
DA:445,526
DA:446,526
DA:446,526
BRDA:446,15,0,526
BRDA:446,15,1,526
DA:446,526
DA:449,526
DA:449,526
DA:449,526
DA:451,526
DA:451,526
DA:451,1578
DA:451,1052
DA:452,1052
DA:452,1052
DA:452,1052
DA:453,1052
DA:453,1052
DA:453,1052
DA:455,1052
DA:455,1052
BRDA:455,16,0,263
BRDA:455,16,1,789
DA:455,263
DA:457,789
DA:457,789
DA:457,789
DA:458,789
DA:458,789
DA:458,789
DA:460,789
DA:460,789
DA:460,789
DA:460,789
BRDA:460,17,0,262
BRDA:460,17,1,526
DA:462,788
DA:462,788
DA:462,788
DA:464,788
DA:464,788
BRDA:464,18,0,262
BRDA:464,18,1,526
DA:465,262
DA:465,262
DA:467,526
DA:467,526
DA:470,788
DA:470,788
DA:473,789
DA:473,789
FN:477,scUSDCv2._calculateTotalAssets
FNDA:3467,scUSDCv2._calculateTotalAssets
DA:482,3467
DA:482,3467
DA:484,3467
DA:484,3467
DA:484,3467
DA:486,3467
DA:486,3467
BRDA:486,19,0,-
BRDA:486,19,1,1088
DA:488,1088
DA:488,1088
DA:490,2379
DA:490,2379
FN:494,scUSDCv2._calculateWethProfit
FNDA:4006,scUSDCv2._calculateWethProfit
DA:495,4006
DA:495,4006
DA:495,4006
FN:498,scUSDCv2._wethBalance
FNDA:1649,scUSDCv2._wethBalance
DA:499,1649
DA:499,1649
DA:499,1649
FN:502,scUSDCv2._swapWethForUsdc
FNDA:269,scUSDCv2._swapWethForUsdc
DA:503,269
DA:503,269
DA:503,269
DA:509,268
DA:509,268
DA:509,268
FN:512,scUSDCv2._swapUsdcForExactWeth
FNDA:3,scUSDCv2._swapUsdcForExactWeth
DA:513,3
DA:513,3
FNF:33
FNH:32
LF:153
LH:150
BRF:40
BRH:37
end_of_record
TN:
SF:src/steth/scUsdcV2-adapters/AaveV2ScUsdcAdapter.sol
FN:30,AaveV2ScUsdcAdapter.setApprovals
FNDA:882,AaveV2ScUsdcAdapter.setApprovals
DA:31,882
DA:31,882
DA:32,882
DA:32,882
FN:36,AaveV2ScUsdcAdapter.revokeApprovals
FNDA:3,AaveV2ScUsdcAdapter.revokeApprovals
DA:37,3
DA:37,3
DA:38,3
DA:38,3
FN:42,AaveV2ScUsdcAdapter.supply
FNDA:551,AaveV2ScUsdcAdapter.supply
DA:43,551
DA:43,551
FN:47,AaveV2ScUsdcAdapter.borrow
FNDA:550,AaveV2ScUsdcAdapter.borrow
DA:48,550
DA:48,550
FN:52,AaveV2ScUsdcAdapter.repay
FNDA:275,AaveV2ScUsdcAdapter.repay
DA:53,275
DA:53,275
FN:57,AaveV2ScUsdcAdapter.withdraw
FNDA:272,AaveV2ScUsdcAdapter.withdraw
DA:58,272
DA:58,272
FN:62,AaveV2ScUsdcAdapter.claimRewards
FNDA:1,AaveV2ScUsdcAdapter.claimRewards
DA:63,1
DA:63,1
FN:67,AaveV2ScUsdcAdapter.getCollateral
FNDA:5154,AaveV2ScUsdcAdapter.getCollateral
DA:68,5154
DA:68,5154
DA:68,5154
FN:72,AaveV2ScUsdcAdapter.getDebt
FNDA:4903,AaveV2ScUsdcAdapter.getDebt
DA:73,4903
DA:73,4903
DA:73,4903
FN:77,AaveV2ScUsdcAdapter.getMaxLtv
FNDA:262,AaveV2ScUsdcAdapter.getMaxLtv
DA:78,262
DA:78,262
DA:78,262
DA:81,262
DA:81,262
DA:81,262
FNF:10
FNH:10
LF:13
LH:13
BRF:0
BRH:0
end_of_record
TN:
SF:src/steth/scUsdcV2-adapters/AaveV3ScUsdcAdapter.sol
FN:33,AaveV3ScUsdcAdapter.setApprovals
FNDA:882,AaveV3ScUsdcAdapter.setApprovals
DA:34,882
DA:34,882
DA:35,882
DA:35,882
FN:39,AaveV3ScUsdcAdapter.revokeApprovals
FNDA:2,AaveV3ScUsdcAdapter.revokeApprovals
DA:40,2
DA:40,2
DA:41,2
DA:41,2
FN:45,AaveV3ScUsdcAdapter.supply
FNDA:825,AaveV3ScUsdcAdapter.supply
DA:46,825
DA:46,825
FN:50,AaveV3ScUsdcAdapter.borrow
FNDA:819,AaveV3ScUsdcAdapter.borrow
DA:51,819
DA:51,819
FN:55,AaveV3ScUsdcAdapter.repay
FNDA:535,AaveV3ScUsdcAdapter.repay
DA:56,535
DA:56,535
FN:60,AaveV3ScUsdcAdapter.withdraw
FNDA:537,AaveV3ScUsdcAdapter.withdraw
DA:61,537
DA:61,537
FN:65,AaveV3ScUsdcAdapter.claimRewards
FNDA:1,AaveV3ScUsdcAdapter.claimRewards
DA:66,1
DA:66,1
FN:70,AaveV3ScUsdcAdapter.getCollateral
FNDA:5156,AaveV3ScUsdcAdapter.getCollateral
DA:71,5156
DA:71,5156
DA:71,5156
FN:75,AaveV3ScUsdcAdapter.getDebt
FNDA:5167,AaveV3ScUsdcAdapter.getDebt
DA:76,5167
DA:76,5167
DA:76,5167
FN:80,AaveV3ScUsdcAdapter.getMaxLtv
FNDA:262,AaveV3ScUsdcAdapter.getMaxLtv
DA:81,262
DA:81,262
DA:81,262
DA:84,262
DA:84,262
DA:84,262
FNF:10
FNH:10
LF:13
LH:13
BRF:0
BRH:0
end_of_record
TN:
SF:src/steth/scUsdcV2-adapters/EulerScUsdcAdapter.sol
FN:35,EulerScUsdcAdapter.setApprovals
FNDA:26,EulerScUsdcAdapter.setApprovals
DA:36,26
DA:36,26
DA:37,26
DA:37,26
DA:38,26
DA:38,26
FN:42,EulerScUsdcAdapter.revokeApprovals
FNDA:1,EulerScUsdcAdapter.revokeApprovals
DA:43,1
DA:43,1
DA:44,1
DA:44,1
FN:48,EulerScUsdcAdapter.supply
FNDA:27,EulerScUsdcAdapter.supply
DA:49,27
DA:49,27
FN:53,EulerScUsdcAdapter.borrow
FNDA:22,EulerScUsdcAdapter.borrow
DA:54,22
DA:54,22
FN:58,EulerScUsdcAdapter.repay
FNDA:6,EulerScUsdcAdapter.repay
DA:59,6
DA:59,6
FN:63,EulerScUsdcAdapter.withdraw
FNDA:4,EulerScUsdcAdapter.withdraw
DA:64,4
DA:64,4
FN:68,EulerScUsdcAdapter.claimRewards
FNDA:1,EulerScUsdcAdapter.claimRewards
DA:69,1
DA:69,1
FN:73,EulerScUsdcAdapter.getCollateral
FNDA:75,EulerScUsdcAdapter.getCollateral
DA:74,75
DA:74,75
DA:74,75
FN:78,EulerScUsdcAdapter.getDebt
FNDA:80,EulerScUsdcAdapter.getDebt
DA:79,80
DA:79,80
DA:79,80
FN:83,EulerScUsdcAdapter.getMaxLtv
FNDA:1,EulerScUsdcAdapter.getMaxLtv
DA:84,1
DA:84,1
DA:85,1
DA:85,1
DA:87,1
DA:87,1
DA:87,1
DA:88,1
DA:88,1
DA:88,1
DA:90,1
DA:90,1
DA:90,1
FNF:10
FNH:10
LF:17
LH:17
BRF:0
BRH:0
end_of_record
TN:
SF:src/steth/scUsdcV2-adapters/MorphoAaveV3ScUsdcAdapter.sol
FN:30,MorphoAaveV3ScUsdcAdapter.setApprovals
FNDA:8,MorphoAaveV3ScUsdcAdapter.setApprovals
DA:31,8
DA:31,8
DA:32,8
DA:32,8
FN:36,MorphoAaveV3ScUsdcAdapter.revokeApprovals
FNDA:1,MorphoAaveV3ScUsdcAdapter.revokeApprovals
DA:37,1
DA:37,1
DA:38,1
DA:38,1
FN:42,MorphoAaveV3ScUsdcAdapter.supply
FNDA:6,MorphoAaveV3ScUsdcAdapter.supply
DA:43,6
DA:43,6
FN:47,MorphoAaveV3ScUsdcAdapter.borrow
FNDA:5,MorphoAaveV3ScUsdcAdapter.borrow
DA:48,5
DA:48,5
FN:52,MorphoAaveV3ScUsdcAdapter.repay
FNDA:1,MorphoAaveV3ScUsdcAdapter.repay
DA:53,1
DA:53,1
FN:57,MorphoAaveV3ScUsdcAdapter.withdraw
FNDA:1,MorphoAaveV3ScUsdcAdapter.withdraw
DA:58,1
DA:58,1
FN:62,MorphoAaveV3ScUsdcAdapter.claimRewards
FNDA:1,MorphoAaveV3ScUsdcAdapter.claimRewards
DA:63,1
DA:63,1
DA:63,1
DA:64,1
DA:64,1
FN:68,MorphoAaveV3ScUsdcAdapter.getCollateral
FNDA:10,MorphoAaveV3ScUsdcAdapter.getCollateral
DA:69,10
DA:69,10
DA:69,10
FN:73,MorphoAaveV3ScUsdcAdapter.getDebt
FNDA:10,MorphoAaveV3ScUsdcAdapter.getDebt
DA:74,10
DA:74,10
DA:74,10
FN:78,MorphoAaveV3ScUsdcAdapter.getMaxLtv
FNDA:1,MorphoAaveV3ScUsdcAdapter.getMaxLtv
DA:79,1
DA:79,1
DA:79,1
DA:83,1
DA:83,1
DA:83,1
FNF:10
FNH:10
LF:14
LH:14
BRF:0
BRH:0
end_of_record
TN:
SF:src/steth/scWETH.sol
FN:82,scWETH.
FNDA:147,scWETH.
DA:85,145
DA:85,145
BRDA:85,0,0,1
BRDA:85,0,1,92
DA:85,1
DA:87,144
DA:87,144
DA:88,144
DA:88,144
DA:89,144
DA:89,144
DA:90,144
DA:90,144
DA:91,92
DA:91,92
DA:92,92
DA:92,92
DA:93,92
DA:93,92
DA:94,92
DA:94,92
DA:95,92
DA:95,92
DA:96,144
DA:96,144
DA:98,92
DA:98,92
DA:99,92
DA:99,92
DA:100,92
DA:100,92
DA:101,144
DA:101,144
DA:104,144
DA:104,144
DA:106,92
DA:106,92
DA:106,92
BRDA:106,1,0,1
BRDA:106,1,1,91
DA:106,1
DA:108,91
DA:108,91
DA:109,91
DA:109,91
FN:114,scWETH.setStEThToEthPriceFeed
FNDA:3,scWETH.setStEThToEthPriceFeed
DA:115,3
DA:115,3
DA:117,2
DA:117,2
DA:117,2
BRDA:117,2,0,1
BRDA:117,2,1,1
DA:117,1
DA:118,1
DA:118,1
FN:127,scWETH.harvest
FNDA:4975,scWETH.harvest
DA:128,4975
DA:128,4975
DA:130,4975
DA:130,4975
DA:133,4975
DA:133,4975
DA:134,4975
DA:134,4975
DA:134,4975
DA:136,4975
DA:136,4975
BRDA:136,3,0,1048
BRDA:136,3,1,4975
DA:137,1048
DA:137,1048
DA:140,1048
DA:140,1048
DA:140,1048
DA:141,1048
DA:141,1048
DA:143,1048
DA:143,1048
DA:143,1048
DA:146,1048
DA:146,1048
DA:148,1048
DA:148,1048
FN:155,scWETH.applyNewTargetLtv
FNDA:524,scWETH.applyNewTargetLtv
DA:156,524
DA:156,524
DA:158,524
DA:158,524
DA:158,524
BRDA:158,4,0,2
BRDA:158,4,1,522
DA:158,2
DA:160,522
DA:160,522
DA:162,522
DA:162,522
DA:164,522
DA:164,522
FN:169,scWETH.withdrawToVault
FNDA:1568,scWETH.withdrawToVault
DA:170,1568
DA:170,1568
DA:172,1568
DA:172,1568
FN:178,scWETH.totalAssets
FNDA:2879,scWETH.totalAssets
DA:180,33349
DA:180,33349
DA:183,33349
DA:183,33349
DA:186,33349
DA:186,33349
FN:190,scWETH.getCollateral
FNDA:527,scWETH.getCollateral
DA:191,44503
DA:191,44503
DA:191,44503
FN:195,scWETH.getDebt
FNDA:525,scWETH.getDebt
DA:196,48416
DA:196,48416
DA:196,48416
FN:200,scWETH.getLeverage
FNDA:1046,scWETH.getLeverage
DA:201,1046
DA:201,1046
DA:201,1046
DA:202,1046
DA:202,1046
DA:202,1046
FN:206,scWETH.getLtv
FNDA:3136,scWETH.getLtv
DA:207,3136
DA:207,3136
DA:207,3136
DA:209,3136
DA:209,3136
BRDA:209,5,0,261
BRDA:209,5,1,2875
DA:209,261
DA:211,2875
DA:211,2875
DA:211,2875
FN:215,scWETH.getMaxLtv
FNDA:131,scWETH.getMaxLtv
DA:216,759
DA:216,759
DA:216,759
DA:216,759
FN:222,scWETH.deposit
FNDA:261,scWETH.deposit
DA:223,261
DA:223,261
DA:226,261
DA:226,261
BRDA:226,6,0,-
BRDA:226,6,1,261
DA:229,261
DA:229,261
DA:231,261
DA:231,261
DA:233,261
DA:233,261
DA:235,261
DA:235,261
FN:238,scWETH.redeem
FNDA:6186,scWETH.redeem
DA:239,6186
DA:239,6186
BRDA:239,7,0,-
BRDA:239,7,1,-
DA:240,0
DA:240,0
DA:242,0
DA:242,0
BRDA:242,8,0,-
BRDA:242,8,1,-
DA:242,0
DA:246,6186
DA:246,6186
BRDA:246,9,0,2
BRDA:246,9,1,6099
DA:248,6099
DA:248,6099
DA:250,5668
DA:250,5668
DA:252,5668
DA:252,5668
DA:252,5668
DA:254,5668
DA:254,5668
BRDA:254,10,0,1942
BRDA:254,10,1,5668
DA:255,1942
DA:255,1942
DA:258,5668
DA:258,5668
DA:260,5668
DA:260,5668
FN:263,scWETH.withdraw
FNDA:519,scWETH.withdraw
DA:264,519
DA:264,519
FN:268,scWETH.receiveFlashLoan
FNDA:9152,scWETH.receiveFlashLoan
DA:274,9152
DA:274,9152
DA:274,9152
BRDA:274,11,0,1
BRDA:274,11,1,9151
DA:275,1
DA:275,1
DA:277,9151
DA:277,9151
DA:280,9150
DA:280,9150
DA:283,9150
DA:283,9150
DA:286,9150
DA:286,9150
DA:286,9150
DA:288,9150
DA:288,9150
DA:291,9150
BRDA:291,12,0,-
BRDA:291,12,1,5235
DA:293,5235
DA:293,5235
DA:296,5235
DA:296,5235
DA:299,5235
DA:299,5235
DA:302,5235
DA:302,5235
DA:305,5235
DA:305,5235
DA:312,3915
DA:312,3915
DA:312,3915
BRDA:312,13,0,-
BRDA:312,13,1,1683
DA:313,1683
DA:313,1683
DA:314,1683
DA:314,1683
DA:316,2232
DA:316,2232
DA:317,2232
DA:317,2232
DA:321,3915
DA:321,3915
DA:321,3915
DA:324,3915
DA:324,3915
DA:327,3915
DA:327,3915
DA:331,9150
DA:331,9150
FN:339,scWETH._rebalancePosition
FNDA:5497,scWETH._rebalancePosition
DA:341,5497
DA:341,5497
DA:341,5497
DA:342,5497
DA:342,5497
DA:343,5497
DA:343,5497
DA:343,5497
DA:344,5497
DA:344,5497
DA:344,5497
DA:346,5497
DA:346,5497
DA:346,5497
DA:349,5497
DA:349,5497
DA:349,5497
DA:352,5497
DA:352,5497
DA:352,5497
DA:354,5497
DA:354,5497
DA:354,5497
DA:355,5497
DA:355,5497
DA:357,5497
DA:357,5497
DA:357,5497
DA:358,5497
DA:358,5497
DA:361,5497
DA:361,5497
DA:364,5497
DA:364,5497
BRDA:364,14,0,262
BRDA:364,14,1,5497
DA:364,262
DA:367,5497
DA:367,5497
DA:368,5497
DA:368,5497
DA:369,5497
DA:369,5497
FN:372,scWETH._withdrawToVault
FNDA:4084,scWETH._withdrawToVault
DA:373,4084
DA:373,4084
DA:373,4084
DA:374,4084
DA:374,4084
DA:374,4084
DA:376,4084
DA:376,4084
DA:376,4084
DA:378,3653
DA:378,3653
DA:378,3653
DA:379,3653
DA:379,3653
DA:381,3653
DA:381,3653
DA:381,3653
DA:382,3653
DA:382,3653
DA:385,3653
DA:385,3653
DA:388,3653
DA:388,3653
DA:389,3653
DA:389,3653
DA:390,3653
DA:390,3653
FN:393,scWETH._stEthToEth
FNDA:48418,scWETH._stEthToEth
DA:394,48418
DA:394,48418
BRDA:394,15,0,-
BRDA:394,15,1,23165
DA:396,23165
DA:396,23165
DA:396,23165
DA:397,23165
DA:397,23165
FN:401,scWETH._wstEthToEth
FNDA:44503,scWETH._wstEthToEth
DA:403,44503
DA:403,44503
DA:403,44503
DA:404,44503
DA:404,44503
FN:407,scWETH._ethToWstEth
FNDA:2232,scWETH._ethToWstEth
DA:408,2232
DA:408,2232
BRDA:408,16,0,-
BRDA:408,16,1,2232
DA:409,2232
DA:409,2232
DA:409,2232
DA:412,2232
DA:412,2232
DA:412,2232
DA:415,2232
DA:415,2232
FN:419,scWETH.beforeWithdraw
FNDA:6099,scWETH.beforeWithdraw
DA:420,6099
DA:420,6099
DA:420,6099
DA:421,6099
DA:421,6099
BRDA:421,17,0,3583
BRDA:421,17,1,2516
DA:422,3583
DA:422,3583
DA:425,2516
DA:425,2516
DA:427,2516
DA:427,2516
FNF:21
FNH:21
LF:132
LH:130
BRF:36
BRH:27
end_of_record
TN:
SF:src/steth/scWETHv2.sol
FN:61,scWETHv2.
FNDA:0,scWETHv2.
DA:64,0
DA:64,0
FN:76,scWETHv2.setMinimumFloatAmount
FNDA:2,scWETHv2.setMinimumFloatAmount
DA:77,2
DA:77,2
DA:79,1
DA:79,1
DA:81,1
DA:81,1
FN:90,scWETHv2.rebalance
FNDA:5488,scWETHv2.rebalance
DA:93,5488
DA:93,5488
DA:95,5488
DA:95,5488
DA:95,5488
BRDA:95,0,0,261
BRDA:95,0,1,5227
DA:95,261
DA:98,5227
DA:98,5227
DA:100,5227
DA:100,5227
DA:102,4966
DA:102,4966
DA:104,4966
DA:104,4966
FN:109,scWETHv2.swapWethToWstEth
FNDA:3919,scWETHv2.swapWethToWstEth
DA:110,3919
DA:110,3919
DA:112,3919
DA:112,3919
FN:121,scWETHv2.swapWstEthToWeth
FNDA:2871,scWETHv2.swapWstEthToWeth
DA:122,2871
DA:122,2871
DA:124,2871
DA:124,2871
BRDA:124,1,0,-
BRDA:124,1,1,2871
DA:124,0
DA:126,2871
DA:126,2871
DA:126,2871
DA:128,2871
DA:128,2871
BRDA:128,2,0,1827
BRDA:128,2,1,2871
DA:129,1827
DA:129,1827
DA:132,2871
DA:132,2871
DA:132,2871
DA:134,2871
DA:134,2871
DA:134,2871
DA:136,2871
DA:136,2871
FN:143,scWETHv2.withdrawToVault
FNDA:522,scWETHv2.withdrawToVault
DA:144,522
DA:144,522
DA:146,522
DA:146,522
FN:150,scWETHv2.totalAssets
FNDA:5222,scWETHv2.totalAssets
DA:152,11486
DA:152,11486
DA:155,11486
DA:155,11486
DA:158,11486
DA:158,11486
FN:163,scWETHv2.getCollateral
FNDA:3,scWETHv2.getCollateral
DA:164,3
DA:164,3
BRDA:164,3,0,-
BRDA:164,3,1,3
DA:164,0
DA:166,3
DA:166,3
DA:166,3
FN:170,scWETHv2.totalCollateral
FNDA:7318,scWETHv2.totalCollateral
DA:171,30302
DA:171,30302
DA:171,30302
DA:172,30302
DA:172,30302
DA:174,30302
DA:174,30302
DA:174,117014
DA:174,86712
DA:175,86712
DA:175,86712
DA:176,86712
DA:176,86712
FN:182,scWETHv2.getDebt
FNDA:33954,scWETHv2.getDebt
DA:183,33954
DA:183,33954
BRDA:183,4,0,-
BRDA:183,4,1,33954
DA:183,0
DA:185,33954
DA:185,33954
DA:185,33954
FN:189,scWETHv2.totalDebt
FNDA:7318,scWETHv2.totalDebt
DA:190,30302
DA:190,30302
DA:190,30302
DA:191,30302
DA:191,30302
DA:193,30302
DA:193,30302
DA:193,117014
DA:193,86712
DA:194,86712
DA:194,86712
DA:195,86712
DA:195,86712
FN:201,scWETHv2.deposit
FNDA:522,scWETHv2.deposit
DA:202,522
DA:202,522
DA:205,522
DA:205,522
BRDA:205,5,0,261
BRDA:205,5,1,261
DA:208,261
DA:208,261
DA:210,261
DA:210,261
DA:212,261
DA:212,261
DA:214,261
DA:214,261
FN:218,scWETHv2.receiveFlashLoan
FNDA:6795,scWETHv2.receiveFlashLoan
DA:224,6795
DA:224,6795
DA:227,6793
DA:227,6793
DA:227,6793
DA:229,6793
DA:229,6793
DA:232,6793
DA:232,6793
DA:234,6793
DA:234,6793
FN:242,scWETHv2.supplyAndBorrow
FNDA:12019,scWETHv2.supplyAndBorrow
DA:243,12019
DA:243,12019
DA:245,12018
DA:245,12018
DA:245,12018
DA:247,12018
DA:247,12018
DA:248,12018
DA:248,12018
DA:250,12018
DA:250,12018
FN:258,scWETHv2.repayAndWithdraw
FNDA:5746,scWETHv2.repayAndWithdraw
DA:259,5746
DA:259,5746
DA:261,5745
DA:261,5745
DA:261,5745
DA:263,5745
DA:263,5745
DA:264,5745
DA:264,5745
DA:266,5745
DA:266,5745
FN:269,scWETHv2.withdraw
FNDA:1305,scWETHv2.withdraw
DA:270,1305
DA:270,1305
DA:272,1305
DA:272,1305
BRDA:272,6,0,522
BRDA:272,6,1,261
DA:273,522
DA:273,522
DA:275,522
DA:275,522
BRDA:275,7,0,522
BRDA:275,7,1,261
DA:275,522
DA:278,1044
DA:278,1044
DA:280,1044
DA:280,1044
DA:282,1044
DA:282,1044
DA:282,1044
DA:287,1044
DA:287,1044
BRDA:287,8,0,232
BRDA:287,8,1,1044
DA:288,232
DA:288,232
DA:291,1044
DA:291,1044
DA:293,1044
DA:293,1044
FN:296,scWETHv2.redeem
FNDA:1306,scWETHv2.redeem
DA:297,1306
DA:297,1306
BRDA:297,9,0,522
BRDA:297,9,1,261
DA:298,522
DA:298,522
DA:300,522
DA:300,522
BRDA:300,10,0,522
BRDA:300,10,1,261
DA:300,522
DA:304,1045
DA:304,1045
BRDA:304,11,0,1
BRDA:304,11,1,1044
DA:306,1044
DA:306,1044
DA:308,1044
DA:308,1044
DA:310,1044
DA:310,1044
DA:310,1044
DA:315,1044
DA:315,1044
BRDA:315,12,0,475
BRDA:315,12,1,1044
DA:316,475
DA:316,475
DA:319,1044
DA:319,1044
DA:321,1044
DA:321,1044
FN:328,scWETHv2._withdrawToVault
FNDA:1566,scWETHv2._withdrawToVault
DA:329,1566
DA:329,1566
DA:329,1566
DA:330,1566
DA:330,1566
DA:331,1566
DA:331,1566
DA:331,1566
DA:331,1566
DA:331,1566
DA:332,1566
DA:332,1566
DA:332,1566
DA:335,1566
DA:335,1566
BRDA:335,13,0,783
BRDA:335,13,1,1566
DA:335,783
DA:337,1566
DA:337,1566
DA:338,1566
DA:338,1566
DA:339,1566
DA:339,1566
DA:340,1566
DA:340,1566
DA:341,1566
DA:341,1566
DA:341,6264
DA:341,4698
DA:342,4698
DA:342,4698
DA:343,4698
DA:343,4698
DA:343,4698
DA:346,4698
DA:346,4698
BRDA:346,14,0,1044
BRDA:346,14,1,3654
DA:346,1044
DA:348,3654
DA:348,3654
DA:348,3654
DA:349,3654
DA:349,3654
DA:349,3654
DA:349,3654
DA:352,3654
DA:352,3654
DA:353,3654
DA:353,3654
DA:354,3654
DA:354,3654
DA:356,3654
DA:356,3654
DA:365,1566
DA:365,1566
DA:367,1566
DA:367,1566
DA:369,1566
DA:369,1566
DA:369,1566
DA:371,1566
DA:371,1566
DA:373,1566
DA:373,1566
FN:377,scWETHv2._enforceFloat
FNDA:6793,scWETHv2._enforceFloat
DA:378,6793
DA:378,6793
DA:378,6793
DA:379,6793
DA:379,6793
DA:381,6793
DA:381,6793
BRDA:381,15,0,261
BRDA:381,15,1,6532
DA:381,261
FN:384,scWETHv2.beforeWithdraw
FNDA:2088,scWETHv2.beforeWithdraw
[...]
FN:66,MockAUsdc.scaledBalanceOf
FNDA:0,MockAUsdc.scaledBalanceOf
FN:68,MockAUsdc.initialize
FNDA:0,MockAUsdc.initialize
FNF:24
FNH:1
LF:4
LH:2
BRF:0
BRH:0
end_of_record
TN:
SF:test/mocks/aave-v3/MockAavePool.sol
FN:31,MockAavePool.supply
FNDA:8,MockAavePool.supply
DA:32,8
DA:32,8
DA:33,8
DA:33,8
FN:36,MockAavePool.withdraw
FNDA:2,MockAavePool.withdraw
DA:37,2
DA:37,2
DA:38,2
DA:38,2
BRDA:38,0,0,-
BRDA:38,0,1,2
DA:39,2
DA:39,2
BRDA:39,1,0,-
BRDA:39,1,1,2
DA:41,2
DA:41,2
DA:42,2
DA:42,2
DA:44,2
DA:44,2
FN:47,MockAavePool.borrow
FNDA:8,MockAavePool.borrow
DA:48,8
DA:48,8
BRDA:48,2,0,-
BRDA:48,2,1,8
DA:50,8
DA:50,8
DA:51,8
DA:51,8
FN:54,MockAavePool.repay
FNDA:2,MockAavePool.repay
DA:55,2
DA:55,2
DA:56,2
DA:56,2
BRDA:56,3,0,-
BRDA:56,3,1,2
DA:57,2
DA:57,2
BRDA:57,4,0,-
BRDA:57,4,1,2
DA:59,2
DA:59,2
DA:60,2
DA:60,2
DA:62,2
DA:62,2
FN:65,MockAavePool.addInterestOnSupply
FNDA:1,MockAavePool.addInterestOnSupply
DA:66,1
DA:66,1
BRDA:66,5,0,-
BRDA:66,5,1,1
DA:68,1
DA:68,1
DA:69,1
DA:69,1
FN:72,MockAavePool.addInterestOnDebt
FNDA:1,MockAavePool.addInterestOnDebt
DA:73,1
DA:73,1
BRDA:73,6,0,-
BRDA:73,6,1,1
DA:75,1
DA:75,1
FN:78,MockAavePool.getEModeCategoryData
FNDA:3,MockAavePool.getEModeCategoryData
DA:79,3
DA:79,3
DA:79,3
FN:82,MockAavePool.setUsdcWethPriceFeed
FNDA:7,MockAavePool.setUsdcWethPriceFeed
DA:83,7
DA:83,7
DA:84,7
DA:84,7
DA:85,7
DA:85,7
FN:88,MockAavePool.setStEthToEthPriceFeed
FNDA:4,MockAavePool.setStEthToEthPriceFeed
DA:91,4
DA:91,4
DA:92,4
DA:92,4
DA:93,4
DA:93,4
FN:96,MockAavePool.getUserAccountData
FNDA:2,MockAavePool.getUserAccountData
DA:110,2
DA:110,2
DA:111,2
DA:111,2
DA:112,2
DA:112,2
DA:113,2
DA:113,2
DA:115,2
DA:115,2
BRDA:115,7,0,-
BRDA:115,7,1,1
DA:116,1
DA:116,1
DA:118,1
DA:118,1
DA:119,1
DA:119,1
DA:119,1
DA:120,1
DA:120,1
DA:122,1
DA:122,1
DA:124,1
DA:124,1
DA:125,1
DA:125,1
DA:125,1
DA:126,1
DA:126,1
FN:134,MockAavePool.rebalanceStableBorrowRate
FNDA:0,MockAavePool.rebalanceStableBorrowRate
FN:136,MockAavePool.setUserUseReserveAsCollateral
FNDA:0,MockAavePool.setUserUseReserveAsCollateral
FN:138,MockAavePool.liquidationCall
FNDA:0,MockAavePool.liquidationCall
FN:146,MockAavePool.flashLoan
FNDA:0,MockAavePool.flashLoan
FN:156,MockAavePool.mintUnbacked
FNDA:0,MockAavePool.mintUnbacked
FN:158,MockAavePool.backUnbacked
FNDA:0,MockAavePool.backUnbacked
FN:160,MockAavePool.supplyWithPermit
FNDA:0,MockAavePool.supplyWithPermit
FN:171,MockAavePool.repayWithPermit
FNDA:0,MockAavePool.repayWithPermit
FN:182,MockAavePool.repayWithATokens
FNDA:0,MockAavePool.repayWithATokens
FN:188,MockAavePool.swapBorrowRateMode
FNDA:0,MockAavePool.swapBorrowRateMode
FN:190,MockAavePool.flashLoanSimple
FNDA:0,MockAavePool.flashLoanSimple
FN:198,MockAavePool.initReserve
FNDA:0,MockAavePool.initReserve
FN:206,MockAavePool.dropReserve
FNDA:0,MockAavePool.dropReserve
FN:208,MockAavePool.setReserveInterestRateStrategyAddress
FNDA:0,MockAavePool.setReserveInterestRateStrategyAddress
FN:210,MockAavePool.setConfiguration
FNDA:0,MockAavePool.setConfiguration
FN:215,MockAavePool.getConfiguration
FNDA:0,MockAavePool.getConfiguration
FN:222,MockAavePool.getUserConfiguration
FNDA:0,MockAavePool.getUserConfiguration
FN:229,MockAavePool.getReserveNormalizedIncome
FNDA:0,MockAavePool.getReserveNormalizedIncome
FN:231,MockAavePool.getReserveNormalizedVariableDebt
FNDA:0,MockAavePool.getReserveNormalizedVariableDebt
FN:233,MockAavePool.getReserveData
FNDA:0,MockAavePool.getReserveData
FN:235,MockAavePool.finalizeTransfer
FNDA:0,MockAavePool.finalizeTransfer
FN:244,MockAavePool.getReservesList
FNDA:0,MockAavePool.getReservesList
FN:246,MockAavePool.getReserveAddressById
FNDA:0,MockAavePool.getReserveAddressById
FN:248,MockAavePool.ADDRESSES_PROVIDER
FNDA:0,MockAavePool.ADDRESSES_PROVIDER
FN:250,MockAavePool.updateBridgeProtocolFee
FNDA:0,MockAavePool.updateBridgeProtocolFee
FN:252,MockAavePool.updateFlashloanPremiums
FNDA:0,MockAavePool.updateFlashloanPremiums
FN:257,MockAavePool.configureEModeCategory
FNDA:0,MockAavePool.configureEModeCategory
FN:259,MockAavePool.setUserEMode
FNDA:3,MockAavePool.setUserEMode
FN:261,MockAavePool.getUserEMode
FNDA:0,MockAavePool.getUserEMode
FN:263,MockAavePool.resetIsolationModeTotalDebt
FNDA:0,MockAavePool.resetIsolationModeTotalDebt
FN:265,MockAavePool.MAX_STABLE_RATE_BORROW_SIZE_PERCENT
FNDA:0,MockAavePool.MAX_STABLE_RATE_BORROW_SIZE_PERCENT
FN:267,MockAavePool.FLASHLOAN_PREMIUM_TOTAL
FNDA:0,MockAavePool.FLASHLOAN_PREMIUM_TOTAL
FN:269,MockAavePool.BRIDGE_PROTOCOL_FEE
FNDA:0,MockAavePool.BRIDGE_PROTOCOL_FEE
FN:271,MockAavePool.FLASHLOAN_PREMIUM_TO_PROTOCOL
FNDA:0,MockAavePool.FLASHLOAN_PREMIUM_TO_PROTOCOL
FN:273,MockAavePool.MAX_NUMBER_RESERVES
FNDA:0,MockAavePool.MAX_NUMBER_RESERVES
FN:275,MockAavePool.mintToTreasury
FNDA:0,MockAavePool.mintToTreasury
FN:277,MockAavePool.rescueTokens
FNDA:0,MockAavePool.rescueTokens
FN:279,MockAavePool.deposit
FNDA:0,MockAavePool.deposit
FNF:48
FNH:11
LF:42
LH:42
BRF:16
BRH:8
end_of_record
TN:
SF:test/mocks/aave-v3/MockAavePoolDataProvider.sol
FN:10,MockAavePoolDataProvider.
FNDA:0,MockAavePoolDataProvider.
DA:11,0
DA:11,0
DA:12,0
DA:12,0
FN:15,MockAavePoolDataProvider.setLtv
FNDA:0,MockAavePoolDataProvider.setLtv
DA:16,0
DA:16,0
FN:19,MockAavePoolDataProvider.getReserveConfigurationData
FNDA:0,MockAavePoolDataProvider.getReserveConfigurationData
FN:41,MockAavePoolDataProvider.ADDRESSES_PROVIDER
FNDA:0,MockAavePoolDataProvider.ADDRESSES_PROVIDER
FN:43,MockAavePoolDataProvider.getAllReservesTokens
FNDA:0,MockAavePoolDataProvider.getAllReservesTokens
FN:45,MockAavePoolDataProvider.getAllATokens
FNDA:0,MockAavePoolDataProvider.getAllATokens
FN:47,MockAavePoolDataProvider.getReserveEModeCategory
FNDA:0,MockAavePoolDataProvider.getReserveEModeCategory
FN:49,MockAavePoolDataProvider.getReserveCaps
FNDA:0,MockAavePoolDataProvider.getReserveCaps
FN:51,MockAavePoolDataProvider.getPaused
FNDA:0,MockAavePoolDataProvider.getPaused
FN:53,MockAavePoolDataProvider.getSiloedBorrowing
FNDA:0,MockAavePoolDataProvider.getSiloedBorrowing
FN:55,MockAavePoolDataProvider.getLiquidationProtocolFee
FNDA:0,MockAavePoolDataProvider.getLiquidationProtocolFee
FN:57,MockAavePoolDataProvider.getUnbackedMintCap
FNDA:0,MockAavePoolDataProvider.getUnbackedMintCap
FN:59,MockAavePoolDataProvider.getDebtCeiling
FNDA:0,MockAavePoolDataProvider.getDebtCeiling
FN:61,MockAavePoolDataProvider.getDebtCeilingDecimals
FNDA:0,MockAavePoolDataProvider.getDebtCeilingDecimals
FN:63,MockAavePoolDataProvider.getReserveData
FNDA:0,MockAavePoolDataProvider.getReserveData
FN:83,MockAavePoolDataProvider.getATokenTotalSupply
FNDA:0,MockAavePoolDataProvider.getATokenTotalSupply
FN:85,MockAavePoolDataProvider.getTotalDebt
FNDA:0,MockAavePoolDataProvider.getTotalDebt
FN:87,MockAavePoolDataProvider.getUserReserveData
FNDA:0,MockAavePoolDataProvider.getUserReserveData
FN:104,MockAavePoolDataProvider.getReserveTokensAddresses
FNDA:0,MockAavePoolDataProvider.getReserveTokensAddresses
FN:111,MockAavePoolDataProvider.getInterestRateStrategyAddress
FNDA:0,MockAavePoolDataProvider.getInterestRateStrategyAddress
FN:113,MockAavePoolDataProvider.getFlashLoanEnabled
FNDA:0,MockAavePoolDataProvider.getFlashLoanEnabled
FNF:21
FNH:0
LF:3
LH:0
BRF:0
BRH:0
end_of_record
TN:
SF:test/mocks/aave-v3/MockAwstETH.sol
FN:11,MockAwstETH.
FNDA:0,MockAwstETH.
DA:12,0
DA:12,0
DA:13,0
DA:13,0
FN:16,MockAwstETH.balanceOf
FNDA:17,MockAwstETH.balanceOf
DA:17,17
DA:17,17
DA:17,17
DA:18,17
DA:18,17
FNF:2
FNH:1
LF:4
LH:2
BRF:0
BRH:0
end_of_record
TN:
SF:test/mocks/aave-v3/MockVarDebtWETH.sol
FN:11,MockVarDebtWETH.
FNDA:0,MockVarDebtWETH.
DA:12,0
DA:12,0
DA:13,0
DA:13,0
FN:16,MockVarDebtWETH.balanceOf
FNDA:34,MockVarDebtWETH.balanceOf
DA:17,34
DA:17,34
DA:17,34
DA:18,34
DA:18,34
FNF:2
FNH:1
LF:4
LH:2
BRF:0
BRH:0
end_of_record
TN:
SF:test/mocks/adapters/FaultyAdapter.sol
FN:19,FaultyAdapter.setApprovals
FNDA:2,FaultyAdapter.setApprovals
DA:20,2
DA:20,2
DA:21,2
DA:21,2
FN:24,FaultyAdapter.revokeApprovals
FNDA:1,FaultyAdapter.revokeApprovals
DA:25,1
DA:25,1
DA:26,1
DA:26,1
FN:29,FaultyAdapter.supply
FNDA:0,FaultyAdapter.supply
DA:30,0
DA:30,0
FN:33,FaultyAdapter.borrow
FNDA:0,FaultyAdapter.borrow
DA:34,0
DA:34,0
FN:37,FaultyAdapter.repay
FNDA:0,FaultyAdapter.repay
DA:38,0
DA:38,0
FN:41,FaultyAdapter.withdraw
FNDA:0,FaultyAdapter.withdraw
DA:42,0
DA:42,0
FN:45,FaultyAdapter.claimRewards
FNDA:1,FaultyAdapter.claimRewards
DA:46,1
DA:46,1
DA:46,1
DA:48,1
DA:48,1
BRDA:48,0,0,-
BRDA:48,0,1,1
FN:51,FaultyAdapter.getCollateral
FNDA:1,FaultyAdapter.getCollateral
DA:52,1
DA:52,1
FN:55,FaultyAdapter.getDebt
FNDA:0,FaultyAdapter.getDebt
DA:56,0
DA:56,0
FN:59,FaultyAdapter.getMaxLtv
FNDA:0,FaultyAdapter.getMaxLtv
DA:60,0
DA:60,0
FNF:10
FNH:4
LF:13
LH:7
BRF:2
BRH:1
end_of_record
TN:
SF:test/mocks/adapters/MockAdapter.sol
FN:46,RewardsHolder.
FNDA:0,RewardsHolder.
DA:47,0
DA:47,0
FN:50,RewardsHolder.claim
FNDA:1,RewardsHolder.claim
DA:51,1
DA:51,1
FN:19,MockAdapter.
FNDA:0,MockAdapter.
DA:20,0
DA:20,0
FN:25,MockAdapter.claimRewards
FNDA:1,MockAdapter.claimRewards
DA:26,1
DA:26,1
DA:26,1
DA:27,1
DA:27,1
FN:30,MockAdapter.setApprovals
FNDA:1,MockAdapter.setApprovals
FN:31,MockAdapter.revokeApprovals
FNDA:0,MockAdapter.revokeApprovals
FN:32,MockAdapter.supply
FNDA:0,MockAdapter.supply
FN:33,MockAdapter.borrow
FNDA:0,MockAdapter.borrow
FN:34,MockAdapter.repay
FNDA:0,MockAdapter.repay
FN:35,MockAdapter.withdraw
FNDA:0,MockAdapter.withdraw
FN:36,MockAdapter.getCollateral
FNDA:0,MockAdapter.getCollateral
FN:37,MockAdapter.getDebt
FNDA:0,MockAdapter.getDebt
FN:38,MockAdapter.getMaxLtv
FNDA:0,MockAdapter.getMaxLtv
FNF:13
FNH:3
LF:5
LH:3
BRF:0
BRH:0
end_of_record
TN:
SF:test/mocks/balancer/MockBalancerVault.sol
FN:11,MockBalancerVault.
FNDA:0,MockBalancerVault.
DA:12,0
DA:12,0
FN:15,MockBalancerVault.flashLoan
FNDA:4,MockBalancerVault.flashLoan
DA:19,4
DA:19,4
BRDA:19,0,0,-
BRDA:19,0,1,4
DA:20,4
DA:20,4
BRDA:20,1,0,-
BRDA:20,1,1,4
DA:21,4
DA:21,4
BRDA:21,2,0,-
BRDA:21,2,1,4
DA:23,4
DA:23,4
BRDA:23,3,0,-
BRDA:23,3,1,4
DA:24,4
DA:24,4
BRDA:24,4,0,-
BRDA:24,4,1,4
DA:26,4
DA:26,4
DA:26,4
DA:27,4
DA:27,4
DA:27,4
DA:28,4
DA:28,4
DA:30,4
DA:30,4
DA:31,4
DA:31,4
DA:33,4
DA:33,4
BRDA:33,5,0,-
BRDA:33,5,1,4
FNF:2
FNH:1
LF:12
LH:11
BRF:12
BRH:6
end_of_record
TN:
SF:test/mocks/chainlink/MockChainlinkPriceFeed.sol
FN:11,MockChainlinkPriceFeed.
FNDA:0,MockChainlinkPriceFeed.
DA:12,0
DA:12,0
DA:13,0
DA:13,0
DA:14,0
DA:14,0
FN:17,MockChainlinkPriceFeed.setLatestAnswer
FNDA:1,MockChainlinkPriceFeed.setLatestAnswer
DA:18,1
DA:18,1
FN:21,MockChainlinkPriceFeed.latestRoundData
FNDA:34,MockChainlinkPriceFeed.latestRoundData
DA:27,34
DA:27,34
FN:30,MockChainlinkPriceFeed.decimals
FNDA:0,MockChainlinkPriceFeed.decimals
DA:31,0
DA:31,0
FN:38,MockChainlinkPriceFeed.description
FNDA:0,MockChainlinkPriceFeed.description
FN:40,MockChainlinkPriceFeed.version
FNDA:0,MockChainlinkPriceFeed.version
FN:42,MockChainlinkPriceFeed.getRoundData
FNDA:0,MockChainlinkPriceFeed.getRoundData
FNF:7
FNH:2
LF:6
LH:2
BRF:0
BRH:0
end_of_record
TN:
SF:test/mocks/curve/MockCurvePool.sol
FN:14,MockCurvePool.
FNDA:0,MockCurvePool.
DA:15,0
DA:15,0
FN:18,MockCurvePool.setSlippage
FNDA:1,MockCurvePool.setSlippage
DA:19,1
DA:19,1
BRDA:19,0,0,-
BRDA:19,0,1,1
DA:20,1
DA:20,1
FN:23,MockCurvePool.exchange
FNDA:1,MockCurvePool.exchange
DA:24,1
DA:24,1
BRDA:24,1,0,-
BRDA:24,1,1,1
DA:26,1
DA:26,1
BRDA:26,2,0,-
BRDA:26,2,1,-
DA:27,0
DA:27,0
BRDA:27,3,0,-
BRDA:27,3,1,-
DA:28,0
DA:28,0
BRDA:28,4,0,-
BRDA:28,4,1,-
DA:30,0
DA:30,0
DA:32,1
DA:32,1
BRDA:32,5,0,-
BRDA:32,5,1,1
DA:34,1
DA:34,1
DA:35,1
DA:35,1
DA:38,1
DA:38,1
FN:41,MockCurvePool.get_dy
FNDA:0,MockCurvePool.get_dy
FNF:4
FNH:2
LF:12
LH:8
BRF:12
BRH:3
end_of_record
TN:
SF:test/mocks/lido/MockStETH.sol
FN:8,MockStETH.
FNDA:0,MockStETH.
FN:10,MockStETH.submit
FNDA:3,MockStETH.submit
DA:11,3
DA:11,3
DA:12,3
DA:12,3
FN:15,MockStETH.getTotalPooledEther
FNDA:0,MockStETH.getTotalPooledEther
FNF:3
FNH:1
LF:2
LH:2
BRF:0
BRH:0
end_of_record
TN:
SF:test/mocks/lido/MockWstETH.sol
FN:10,MockWstETH.
FNDA:0,MockWstETH.
DA:11,0
DA:11,0
FN:14,MockWstETH.wrap
FNDA:3,MockWstETH.wrap
DA:15,3
DA:15,3
BRDA:15,0,0,-
BRDA:15,0,1,3
DA:16,3
DA:16,3
BRDA:16,1,0,-
BRDA:16,1,1,3
DA:18,3
DA:18,3
DA:19,3
DA:19,3
DA:20,3
DA:20,3
FN:23,MockWstETH.unwrap
FNDA:1,MockWstETH.unwrap
DA:24,1
DA:24,1
BRDA:24,2,0,-
BRDA:24,2,1,1
DA:25,1
DA:25,1
BRDA:25,3,0,-
BRDA:25,3,1,1
DA:27,1
DA:27,1
DA:28,1
DA:28,1
DA:29,1
DA:29,1
FN:32,MockWstETH.getWstETHByStETH
FNDA:1,MockWstETH.getWstETHByStETH
DA:33,1
DA:33,1
FN:36,MockWstETH.getStETHByWstETH
FNDA:17,MockWstETH.getStETHByWstETH
DA:37,17
DA:37,17
FN:40,MockWstETH.stEthPerToken
FNDA:0,MockWstETH.stEthPerToken
DA:41,0
DA:41,0
FN:44,MockWstETH.tokensPerStEth
FNDA:0,MockWstETH.tokensPerStEth
DA:45,0
DA:45,0
FNF:7
FNH:4
LF:15
LH:12
BRF:8
BRH:4
end_of_record
TN:
SF:test/mocks/liquity/MockLiquityPriceFeed.sol
FN:15,MockLiquityPriceFeed.fetchPrice
FNDA:0,MockLiquityPriceFeed.fetchPrice
DA:16,0
DA:16,0
FN:19,MockLiquityPriceFeed.setPrice
FNDA:0,MockLiquityPriceFeed.setPrice
DA:20,0
DA:20,0
DA:22,0
DA:22,0
FNF:2
FNH:0
LF:3
LH:0
BRF:0
BRH:0
end_of_record
TN:
SF:test/mocks/liquity/MockPriceFeed.sol
FN:11,MockPriceFeed.lastGoodPrice
FNDA:5733,MockPriceFeed.lastGoodPrice
DA:12,5733
DA:12,5733
FN:15,MockPriceFeed.fetchPrice
FNDA:0,MockPriceFeed.fetchPrice
DA:16,0
DA:16,0
FN:19,MockPriceFeed.setPrice
FNDA:12,MockPriceFeed.setPrice
DA:20,12
DA:20,12
FNF:3
FNH:2
LF:3
LH:2
BRF:0
BRH:0
end_of_record
TN:
SF:test/mocks/liquity/MockStabilityPool.sol
FN:14,MockStabilityPool.
FNDA:0,MockStabilityPool.
DA:15,0
DA:15,0
DA:16,0
DA:16,0
DA:17,0
DA:17,0
FN:24,MockStabilityPool.provideToSP
FNDA:1476,MockStabilityPool.provideToSP
DA:27,1476
DA:27,1476
DA:28,1476
DA:28,1476
FN:31,MockStabilityPool.withdrawFromSP
FNDA:1044,MockStabilityPool.withdrawFromSP
DA:34,1044
DA:34,1044
DA:36,1044
DA:36,1044
BRDA:36,0,0,-
BRDA:36,0,1,1044
DA:36,0
DA:38,1044
DA:38,1044
DA:40,1044
DA:40,1044
DA:43,1044
DA:43,1044
DA:45,1044
DA:45,1044
DA:47,1044
DA:47,1044
DA:48,1044
DA:48,1044
FN:51,MockStabilityPool.getDepositorETHGain
FNDA:5733,MockStabilityPool.getDepositorETHGain
DA:52,5733
DA:52,5733
FN:55,MockStabilityPool.getDepositorLQTYGain
FNDA:0,MockStabilityPool.getDepositorLQTYGain
DA:56,0
DA:56,0
DA:56,0
FN:59,MockStabilityPool.getCompoundedLUSDDeposit
FNDA:6516,MockStabilityPool.getCompoundedLUSDDeposit
DA:60,6516
DA:60,6516
FN:63,MockStabilityPool.offset
FNDA:0,MockStabilityPool.offset
FN:65,MockStabilityPool.troveManager
FNDA:0,MockStabilityPool.troveManager
DA:66,0
DA:66,0
DA:66,0
FNF:8
FNH:4
LF:17
LH:12
BRF:2
BRH:1
end_of_record
TN:
SF:test/mocks/uniswap/MockSwapRouter.sol
FN:11,MockSwapRouter.exactInputSingle
FNDA:1,MockSwapRouter.exactInputSingle
DA:17,1
DA:17,1
DA:17,1
DA:18,1
DA:18,1
DA:18,1
DA:20,1
DA:20,1
BRDA:20,0,0,-
BRDA:20,0,1,1
DA:24,1
DA:24,1
BRDA:24,1,0,-
BRDA:24,1,1,1
DA:29,1
DA:29,1
DA:30,1
DA:30,1
DA:32,1
DA:32,1
FN:35,MockSwapRouter.exactOutputSingle
FNDA:0,MockSwapRouter.exactOutputSingle
DA:41,0
DA:41,0
FN:44,MockSwapRouter.exactInput
FNDA:0,MockSwapRouter.exactInput
FN:46,MockSwapRouter.exactOutput
FNDA:0,MockSwapRouter.exactOutput
FNF:4
FNH:1
LF:8
LH:7
BRF:4
BRH:2
end_of_record
TN:
SF:test/scLiquity.t.sol
FN:14,MockVault.
FNDA:0,MockVault.
DA:23,0
DA:23,0
DA:24,0
DA:24,0
DA:25,0
DA:25,0
DA:26,0
DA:26,0
DA:27,0
DA:27,0
FNF:1
FNH:0
LF:5
LH:0
BRF:0
BRH:0
end_of_record
TN:
SF:test/script/ExitAllPositionsScWETHv2.t.sol
FN:79,RebalanceScWethV2TestHarness.getSwapData
FNDA:0,RebalanceScWethV2TestHarness.getSwapData
DA:80,268
DA:80,268
FNF:1
FNH:0
LF:1
LH:1
BRF:0
BRH:0
end_of_record
TN:
SF:test/script/ReallocateScUsdcV2.s.t.sol
FN:278,ReallocateScUsdcV2TestHarness.setUseMorpho
FNDA:0,ReallocateScUsdcV2TestHarness.setUseMorpho
DA:279,0
DA:279,0
FN:282,ReallocateScUsdcV2TestHarness.setMorphoAllocationPercent
FNDA:3,ReallocateScUsdcV2TestHarness.setMorphoAllocationPercent
DA:283,3
DA:283,3
FN:286,ReallocateScUsdcV2TestHarness.setUseAaveV2
FNDA:0,ReallocateScUsdcV2TestHarness.setUseAaveV2
DA:287,0
DA:287,0
FN:290,ReallocateScUsdcV2TestHarness.setAaveV2AllocationPercent
FNDA:4,ReallocateScUsdcV2TestHarness.setAaveV2AllocationPercent
DA:291,4
DA:291,4
FN:294,ReallocateScUsdcV2TestHarness.setUseAaveV3
FNDA:2,ReallocateScUsdcV2TestHarness.setUseAaveV3
DA:295,2
DA:295,2
FN:298,ReallocateScUsdcV2TestHarness.setAaveV3AllocationPercent
FNDA:2,ReallocateScUsdcV2TestHarness.setAaveV3AllocationPercent
DA:299,2
DA:299,2
FNF:6
FNH:4
LF:6
LH:4
BRF:0
BRH:0
end_of_record
TN:
SF:test/script/ReallocateScWethV2.s.t.sol
FN:151,ReallocateScWethV2TestHarness.setMorphoAllocation
FNDA:7,ReallocateScWethV2TestHarness.setMorphoAllocation
DA:152,7
DA:152,7
FN:155,ReallocateScWethV2TestHarness.setAaveV3Allocation
FNDA:7,ReallocateScWethV2TestHarness.setAaveV3Allocation
DA:156,7
DA:156,7
FN:159,ReallocateScWethV2TestHarness.setCompoundAllocation
FNDA:7,ReallocateScWethV2TestHarness.setCompoundAllocation
DA:160,7
DA:160,7
FN:145,RebalanceScWethV2TestHarness.getSwapData
FNDA:0,RebalanceScWethV2TestHarness.getSwapData
DA:146,0
DA:146,0
FNF:4
FNH:3
LF:4
LH:3
BRF:0
BRH:0
end_of_record
TN:
SF:test/script/RebalanceScDai.s.t.sol
FN:21,RebalanceScDaiTest.setUp
FNDA:0,RebalanceScDaiTest.setUp
DA:22,0
DA:22,0
FNF:1
FNH:0
LF:1
LH:0
BRF:0
BRH:0
end_of_record
TN:
SF:test/script/RebalanceScUsdcV2.s.t.sol
FN:561,RebalanceScUsdcV2TestHarness.setMinUsdcProfitToReinvest
FNDA:3,RebalanceScUsdcV2TestHarness.setMinUsdcProfitToReinvest
DA:562,3
DA:562,3
FN:565,RebalanceScUsdcV2TestHarness.setMaxProfitSellSlippage
FNDA:1,RebalanceScUsdcV2TestHarness.setMaxProfitSellSlippage
DA:566,1
DA:566,1
FN:569,RebalanceScUsdcV2TestHarness.setMorphoTargetLtv
FNDA:10,RebalanceScUsdcV2TestHarness.setMorphoTargetLtv
DA:570,10
DA:570,10
FN:573,RebalanceScUsdcV2TestHarness.setMorphoInvestableAmountPercent
FNDA:9,RebalanceScUsdcV2TestHarness.setMorphoInvestableAmountPercent
DA:574,9
DA:574,9
FN:577,RebalanceScUsdcV2TestHarness.setAaveV2TargetLtv
FNDA:3,RebalanceScUsdcV2TestHarness.setAaveV2TargetLtv
DA:578,3
DA:578,3
FN:581,RebalanceScUsdcV2TestHarness.setAaveV2InvestableAmountPercent
FNDA:9,RebalanceScUsdcV2TestHarness.setAaveV2InvestableAmountPercent
DA:582,9
DA:582,9
FN:585,RebalanceScUsdcV2TestHarness.setAaveV3TargetLtv
FNDA:4,RebalanceScUsdcV2TestHarness.setAaveV3TargetLtv
DA:586,4
DA:586,4
FN:589,RebalanceScUsdcV2TestHarness.setAaveV3InvestableAmountPercent
FNDA:5,RebalanceScUsdcV2TestHarness.setAaveV3InvestableAmountPercent
DA:590,5
DA:590,5
FNF:8
FNH:8
LF:8
LH:8
BRF:0
BRH:0
end_of_record
TN:
SF:test/script/RebalanceScWethV2.t.sol
FN:628,RebalanceScWethV2TestHarness.setUseZeroEx
FNDA:3,RebalanceScWethV2TestHarness.setUseZeroEx
DA:629,3
DA:629,3
FN:632,RebalanceScWethV2TestHarness.getSwapData
FNDA:0,RebalanceScWethV2TestHarness.getSwapData
DA:633,27
DA:633,27
FN:636,RebalanceScWethV2TestHarness.setDemoSwapData
FNDA:3,RebalanceScWethV2TestHarness.setDemoSwapData
DA:637,3
DA:637,3
FN:640,RebalanceScWethV2TestHarness.updateMorphoTargetLtv
FNDA:8,RebalanceScWethV2TestHarness.updateMorphoTargetLtv
DA:641,8
DA:641,8
FN:644,RebalanceScWethV2TestHarness.updateCompoundV3TargetLtv
FNDA:4,RebalanceScWethV2TestHarness.updateCompoundV3TargetLtv
DA:645,4
DA:645,4
FN:648,RebalanceScWethV2TestHarness.updateAaveV3TargetLtv
FNDA:3,RebalanceScWethV2TestHarness.updateAaveV3TargetLtv
DA:649,3
DA:649,3
FN:652,RebalanceScWethV2TestHarness.setMorphoInvestableAmountPercent
FNDA:9,RebalanceScWethV2TestHarness.setMorphoInvestableAmountPercent
DA:653,9
DA:653,9
FN:656,RebalanceScWethV2TestHarness.setCompoundV3InvestableAmountPercent
FNDA:9,RebalanceScWethV2TestHarness.setCompoundV3InvestableAmountPercent
DA:657,9
DA:657,9
FN:660,RebalanceScWethV2TestHarness.setAaveV3InvestableAmountPercent
FNDA:9,RebalanceScWethV2TestHarness.setAaveV3InvestableAmountPercent
DA:661,9
DA:661,9
FNF:9
FNH:8
LF:9
LH:9
BRF:0
BRH:0
end_of_record
TN:
SF:test/script/deploy/DeployStaking.s.t.sol
FN:65,DeployStakingTestHarness.
FNDA:2,DeployStakingTestHarness.
DA:66,4
DA:66,4
DA:67,4
DA:67,4
DA:68,2
DA:68,2
FN:71,DeployStakingTestHarness._init
FNDA:3,DeployStakingTestHarness._init
FNF:2
FNH:2
LF:3
LH:3
BRF:0
BRH:0
end_of_record
